2025-04-06 20:41:18.918  INFO [] --- [restartedMain] c.f.FruitShoppingMallApplication         : Starting FruitShoppingMallApplication using Java 21.0.5 with PID 22556 (C:\Users\pc\Desktop\Fruit Shopping Mall\BE\fruit-shopping-mall\target\classes started by pc in C:\Users\pc\Desktop\Fruit Shopping Mall\BE\fruit-shopping-mall)
2025-04-06 20:41:18.940 DEBUG [] --- [restartedMain] c.f.FruitShoppingMallApplication         : Running with Spring Boot v3.2.3, Spring v6.1.4
2025-04-06 20:41:18.942  INFO [] --- [restartedMain] c.f.FruitShoppingMallApplication         : The following 1 profile is active: "dev"
2025-04-06 20:41:18.991  INFO [] --- [restartedMain] .e.DevToolsPropertyDefaultsPostProcessor : Devtools property defaults active! Set 'spring.devtools.add-properties' to 'false' to disable
2025-04-06 20:41:18.992  INFO [] --- [restartedMain] .e.DevToolsPropertyDefaultsPostProcessor : For additional web related logging consider setting the 'logging.level.web' property to 'DEBUG'
2025-04-06 20:41:21.233  INFO [] --- [restartedMain] .s.d.r.c.RepositoryConfigurationDelegate : Bootstrapping Spring Data JPA repositories in DEFAULT mode.
2025-04-06 20:41:21.336  INFO [] --- [restartedMain] .s.d.r.c.RepositoryConfigurationDelegate : Finished Spring Data repository scanning in 95 ms. Found 9 JPA repository interfaces.
2025-04-06 20:41:22.073  INFO [] --- [restartedMain] o.s.b.w.embedded.tomcat.TomcatWebServer  : Tomcat initialized with port 8080 (http)
2025-04-06 20:41:22.084  INFO [] --- [restartedMain] o.apache.catalina.core.StandardService   : Starting service [Tomcat]
2025-04-06 20:41:22.084  INFO [] --- [restartedMain] o.apache.catalina.core.StandardEngine    : Starting Servlet engine: [Apache Tomcat/10.1.19]
2025-04-06 20:41:22.144  INFO [] --- [restartedMain] o.a.c.c.C.[Tomcat].[localhost].[/api]    : Initializing Spring embedded WebApplicationContext
2025-04-06 20:41:22.144  INFO [] --- [restartedMain] w.s.c.ServletWebServerApplicationContext : Root WebApplicationContext: initialization completed in 3152 ms
2025-04-06 20:41:22.254  INFO [] --- [restartedMain] com.zaxxer.hikari.HikariDataSource       : HikariPool-1 - Starting...
2025-04-06 20:41:22.343  INFO [] --- [restartedMain] com.zaxxer.hikari.pool.HikariPool        : HikariPool-1 - Added connection org.mariadb.jdbc.Connection@416b755
2025-04-06 20:41:22.344  INFO [] --- [restartedMain] com.zaxxer.hikari.HikariDataSource       : HikariPool-1 - Start completed.
2025-04-06 20:41:22.354  INFO [] --- [restartedMain] o.s.b.a.h2.H2ConsoleAutoConfiguration    : H2 console available at '/h2-console'. Database available at 'jdbc:mariadb://localhost/mydb?user=myuser&password=***'
2025-04-06 20:41:22.440 DEBUG [] --- [restartedMain] o.s.w.f.ServerHttpObservationFilter      : Filter 'webMvcObservationFilter' configured for use
2025-04-06 20:41:22.546  INFO [] --- [restartedMain] o.hibernate.jpa.internal.util.LogHelper  : HHH000204: Processing PersistenceUnitInfo [name: default]
2025-04-06 20:41:22.614  INFO [] --- [restartedMain] org.hibernate.Version                    : HHH000412: Hibernate ORM core version 6.4.4.Final
2025-04-06 20:41:22.649  INFO [] --- [restartedMain] o.h.c.internal.RegionFactoryInitiator    : HHH000026: Second-level cache disabled
2025-04-06 20:41:22.876  INFO [] --- [restartedMain] o.s.o.j.p.SpringPersistenceUnitInfo      : No LoadTimeWeaver setup: ignoring JPA class transformer
2025-04-06 20:41:22.928  WARN [] --- [restartedMain] org.hibernate.orm.deprecation            : HHH90000025: MariaDBDialect does not need to be specified explicitly using 'hibernate.dialect' (remove the property setting and it will be selected by default)
2025-04-06 20:41:23.872  INFO [] --- [restartedMain] o.h.e.t.j.p.i.JtaPlatformInitiator       : HHH000489: No JTA platform available (set 'hibernate.transaction.jta.platform' to enable JTA platform integration)
2025-04-06 20:41:23.960  INFO [] --- [restartedMain] j.LocalContainerEntityManagerFactoryBean : Initialized JPA EntityManagerFactory for persistence unit 'default'
2025-04-06 20:41:24.372  INFO [] --- [restartedMain] o.s.d.j.r.query.QueryEnhancerFactory     : Hibernate is in classpath; If applicable, HQL parser will be used.
2025-04-06 20:41:25.337  INFO [] --- [restartedMain] o.s.b.a.e.web.EndpointLinksResolver      : Exposing 3 endpoint(s) beneath base path '/actuator'
2025-04-06 20:41:25.555 DEBUG [] --- [restartedMain] s.w.s.m.m.a.RequestMappingHandlerMapping : 77 mappings in 'requestMappingHandlerMapping'
2025-04-06 20:41:26.194 DEBUG [] --- [restartedMain] o.s.w.s.handler.SimpleUrlHandlerMapping  : Patterns [/webjars/**, /**, /swagger-ui*/*swagger-initializer.js, /swagger-ui*/**] in 'resourceHandlerMapping'
2025-04-06 20:41:26.270  INFO [] --- [restartedMain] o.s.s.web.DefaultSecurityFilterChain     : Will secure any request with [org.springframework.security.web.session.DisableEncodeUrlFilter@77631a3, org.springframework.security.web.context.request.async.WebAsyncManagerIntegrationFilter@74e57ce9, org.springframework.security.web.context.SecurityContextHolderFilter@1624a6af, org.springframework.security.web.header.HeaderWriterFilter@74cd9dc9, org.springframework.security.web.authentication.logout.LogoutFilter@62a3b095, com.fruitmall.global.security.jwt.JwtAuthenticationFilter@7888724f, org.springframework.security.web.savedrequest.RequestCacheAwareFilter@ce52b56, org.springframework.security.web.servletapi.SecurityContextHolderAwareRequestFilter@4b0fc9cf, org.springframework.security.web.authentication.AnonymousAuthenticationFilter@4e3adb62, org.springframework.security.web.session.SessionManagementFilter@5117e4a0, org.springframework.security.web.access.ExceptionTranslationFilter@44e176, org.springframework.security.web.access.intercept.AuthorizationFilter@1030682f]
2025-04-06 20:41:26.401 DEBUG [] --- [restartedMain] s.w.s.m.m.a.RequestMappingHandlerAdapter : ControllerAdvice beans: 0 @ModelAttribute, 0 @InitBinder, 1 RequestBodyAdvice, 1 ResponseBodyAdvice
2025-04-06 20:41:26.445 DEBUG [] --- [restartedMain] .m.m.a.ExceptionHandlerExceptionResolver : ControllerAdvice beans: 2 @ExceptionHandler, 1 ResponseBodyAdvice
2025-04-06 20:41:26.858  INFO [] --- [restartedMain] o.s.b.d.a.OptionalLiveReloadServer       : LiveReload server is running on port 35729
2025-04-06 20:41:26.932  INFO [] --- [restartedMain] o.s.b.w.embedded.tomcat.TomcatWebServer  : Tomcat started on port 8080 (http) with context path '/api'
2025-04-06 20:41:26.946  INFO [] --- [restartedMain] c.f.FruitShoppingMallApplication         : Started FruitShoppingMallApplication in 8.695 seconds (process running for 9.418)
2025-04-06 20:41:27.585  INFO [] --- [RMI TCP Connection(4)-127.0.0.1] o.a.c.c.C.[Tomcat].[localhost].[/api]    : Initializing Spring DispatcherServlet 'dispatcherServlet'
2025-04-06 20:41:27.586  INFO [] --- [RMI TCP Connection(4)-127.0.0.1] o.s.web.servlet.DispatcherServlet        : Initializing Servlet 'dispatcherServlet'
2025-04-06 20:41:27.586 DEBUG [] --- [RMI TCP Connection(4)-127.0.0.1] o.s.web.servlet.DispatcherServlet        : Detected StandardServletMultipartResolver
2025-04-06 20:41:27.586 DEBUG [] --- [RMI TCP Connection(4)-127.0.0.1] o.s.web.servlet.DispatcherServlet        : Detected AcceptHeaderLocaleResolver
2025-04-06 20:41:27.587 DEBUG [] --- [RMI TCP Connection(4)-127.0.0.1] o.s.web.servlet.DispatcherServlet        : Detected FixedThemeResolver
2025-04-06 20:41:27.588 DEBUG [] --- [RMI TCP Connection(4)-127.0.0.1] o.s.web.servlet.DispatcherServlet        : Detected org.springframework.web.servlet.view.DefaultRequestToViewNameTranslator@36647394
2025-04-06 20:41:27.588 DEBUG [] --- [RMI TCP Connection(4)-127.0.0.1] o.s.web.servlet.DispatcherServlet        : Detected org.springframework.web.servlet.support.SessionFlashMapManager@5b3075cb
2025-04-06 20:41:27.588 DEBUG [] --- [RMI TCP Connection(4)-127.0.0.1] o.s.web.servlet.DispatcherServlet        : enableLoggingRequestDetails='false': request parameters and headers will be masked to prevent unsafe logging of potentially sensitive data
2025-04-06 20:41:27.589  INFO [] --- [RMI TCP Connection(4)-127.0.0.1] o.s.web.servlet.DispatcherServlet        : Completed initialization in 3 ms
2025-04-06 21:46:34.411 DEBUG [] --- [http-nio-8080-exec-1] o.s.security.web.FilterChainProxy        : Securing GET /fruits
2025-04-06 21:46:34.423 DEBUG [] --- [http-nio-8080-exec-1] c.f.g.s.jwt.JwtAuthenticationFilter      : 유효한 JWT 토큰이 없습니다
2025-04-06 21:46:34.425 DEBUG [] --- [http-nio-8080-exec-1] o.s.s.w.a.AnonymousAuthenticationFilter  : Set SecurityContextHolder to anonymous SecurityContext
2025-04-06 21:46:34.433 DEBUG [] --- [http-nio-8080-exec-1] o.s.security.web.FilterChainProxy        : Secured GET /fruits
2025-04-06 21:46:34.436 DEBUG [] --- [http-nio-8080-exec-1] o.s.web.servlet.DispatcherServlet        : GET "/api/fruits", parameters={}
2025-04-06 21:46:34.438 DEBUG [] --- [http-nio-8080-exec-1] s.w.s.m.m.a.RequestMappingHandlerMapping : Mapped to com.fruitmall.interfaces.web.fruit.FruitController#getAllFruits()
2025-04-06 21:46:34.538 DEBUG [] --- [http-nio-8080-exec-1] org.hibernate.SQL                        : 
    select
        f1_0.fruit_id,
        f1_0.category_id,
        f1_0.created_at,
        f1_0.description,
        f1_0.fruit_name,
        f1_0.image_url,
        f1_0.origin,
        f1_0.price,
        f1_0.season,
        f1_0.stock_quantity,
        f1_0.updated_at 
    from
        fruit f1_0
2025-04-06 21:46:34.562 DEBUG [] --- [http-nio-8080-exec-1] o.s.w.s.m.m.a.HttpEntityMethodProcessor  : Using 'application/json', given [application/json, text/plain, */*] and supported [application/json, application/*+json]
2025-04-06 21:46:34.563 DEBUG [] --- [http-nio-8080-exec-1] o.s.w.s.m.m.a.HttpEntityMethodProcessor  : Writing [[]]
2025-04-06 21:46:34.576 DEBUG [] --- [http-nio-8080-exec-1] o.s.web.servlet.DispatcherServlet        : Completed 200 OK
2025-04-06 21:46:34.577 DEBUG [] --- [http-nio-8080-exec-2] o.s.security.web.FilterChainProxy        : Securing GET /fruits
2025-04-06 21:46:34.578 DEBUG [] --- [http-nio-8080-exec-2] c.f.g.s.jwt.JwtAuthenticationFilter      : 유효한 JWT 토큰이 없습니다
2025-04-06 21:46:34.578 DEBUG [] --- [http-nio-8080-exec-2] o.s.s.w.a.AnonymousAuthenticationFilter  : Set SecurityContextHolder to anonymous SecurityContext
2025-04-06 21:46:34.579 DEBUG [] --- [http-nio-8080-exec-2] o.s.security.web.FilterChainProxy        : Secured GET /fruits
2025-04-06 21:46:34.579 DEBUG [] --- [http-nio-8080-exec-2] o.s.web.servlet.DispatcherServlet        : GET "/api/fruits", parameters={}
2025-04-06 21:46:34.580 DEBUG [] --- [http-nio-8080-exec-2] s.w.s.m.m.a.RequestMappingHandlerMapping : Mapped to com.fruitmall.interfaces.web.fruit.FruitController#getAllFruits()
2025-04-06 21:46:34.583 DEBUG [] --- [http-nio-8080-exec-2] org.hibernate.SQL                        : 
    select
        f1_0.fruit_id,
        f1_0.category_id,
        f1_0.created_at,
        f1_0.description,
        f1_0.fruit_name,
        f1_0.image_url,
        f1_0.origin,
        f1_0.price,
        f1_0.season,
        f1_0.stock_quantity,
        f1_0.updated_at 
    from
        fruit f1_0
2025-04-06 21:46:34.587 DEBUG [] --- [http-nio-8080-exec-2] o.s.w.s.m.m.a.HttpEntityMethodProcessor  : Using 'application/json', given [application/json, text/plain, */*] and supported [application/json, application/*+json]
2025-04-06 21:46:34.587 DEBUG [] --- [http-nio-8080-exec-2] o.s.w.s.m.m.a.HttpEntityMethodProcessor  : Writing [[]]
2025-04-06 21:46:34.588 DEBUG [] --- [http-nio-8080-exec-2] o.s.web.servlet.DispatcherServlet        : Completed 200 OK
2025-04-06 21:47:01.905 DEBUG [] --- [http-nio-8080-exec-3] o.s.security.web.FilterChainProxy        : Securing GET /fruits
2025-04-06 21:47:01.906 DEBUG [] --- [http-nio-8080-exec-3] c.f.g.s.jwt.JwtAuthenticationFilter      : 유효한 JWT 토큰이 없습니다
2025-04-06 21:47:01.907 DEBUG [] --- [http-nio-8080-exec-3] o.s.s.w.a.AnonymousAuthenticationFilter  : Set SecurityContextHolder to anonymous SecurityContext
2025-04-06 21:47:01.908 DEBUG [] --- [http-nio-8080-exec-3] o.s.security.web.FilterChainProxy        : Secured GET /fruits
2025-04-06 21:47:01.908 DEBUG [] --- [http-nio-8080-exec-3] o.s.web.servlet.DispatcherServlet        : GET "/api/fruits", parameters={}
2025-04-06 21:47:01.909 DEBUG [] --- [http-nio-8080-exec-3] s.w.s.m.m.a.RequestMappingHandlerMapping : Mapped to com.fruitmall.interfaces.web.fruit.FruitController#getAllFruits()
2025-04-06 21:47:01.913 DEBUG [] --- [http-nio-8080-exec-3] org.hibernate.SQL                        : 
    select
        f1_0.fruit_id,
        f1_0.category_id,
        f1_0.created_at,
        f1_0.description,
        f1_0.fruit_name,
        f1_0.image_url,
        f1_0.origin,
        f1_0.price,
        f1_0.season,
        f1_0.stock_quantity,
        f1_0.updated_at 
    from
        fruit f1_0
2025-04-06 21:47:01.917 DEBUG [] --- [http-nio-8080-exec-3] o.s.w.s.m.m.a.HttpEntityMethodProcessor  : Using 'application/json', given [application/json, text/plain, */*] and supported [application/json, application/*+json]
2025-04-06 21:47:01.917 DEBUG [] --- [http-nio-8080-exec-3] o.s.w.s.m.m.a.HttpEntityMethodProcessor  : Writing [[]]
2025-04-06 21:47:01.918 DEBUG [] --- [http-nio-8080-exec-3] o.s.web.servlet.DispatcherServlet        : Completed 200 OK
2025-04-06 21:47:01.921 DEBUG [] --- [http-nio-8080-exec-4] o.s.security.web.FilterChainProxy        : Securing GET /fruits
2025-04-06 21:47:01.921 DEBUG [] --- [http-nio-8080-exec-4] c.f.g.s.jwt.JwtAuthenticationFilter      : 유효한 JWT 토큰이 없습니다
2025-04-06 21:47:01.922 DEBUG [] --- [http-nio-8080-exec-4] o.s.s.w.a.AnonymousAuthenticationFilter  : Set SecurityContextHolder to anonymous SecurityContext
2025-04-06 21:47:01.922 DEBUG [] --- [http-nio-8080-exec-4] o.s.security.web.FilterChainProxy        : Secured GET /fruits
2025-04-06 21:47:01.923 DEBUG [] --- [http-nio-8080-exec-4] o.s.web.servlet.DispatcherServlet        : GET "/api/fruits", parameters={}
2025-04-06 21:47:01.923 DEBUG [] --- [http-nio-8080-exec-4] s.w.s.m.m.a.RequestMappingHandlerMapping : Mapped to com.fruitmall.interfaces.web.fruit.FruitController#getAllFruits()
2025-04-06 21:47:01.925 DEBUG [] --- [http-nio-8080-exec-4] org.hibernate.SQL                        : 
    select
        f1_0.fruit_id,
        f1_0.category_id,
        f1_0.created_at,
        f1_0.description,
        f1_0.fruit_name,
        f1_0.image_url,
        f1_0.origin,
        f1_0.price,
        f1_0.season,
        f1_0.stock_quantity,
        f1_0.updated_at 
    from
        fruit f1_0
2025-04-06 21:47:01.929 DEBUG [] --- [http-nio-8080-exec-4] o.s.w.s.m.m.a.HttpEntityMethodProcessor  : Using 'application/json', given [application/json, text/plain, */*] and supported [application/json, application/*+json]
2025-04-06 21:47:01.929 DEBUG [] --- [http-nio-8080-exec-4] o.s.w.s.m.m.a.HttpEntityMethodProcessor  : Writing [[]]
2025-04-06 21:47:01.930 DEBUG [] --- [http-nio-8080-exec-4] o.s.web.servlet.DispatcherServlet        : Completed 200 OK
2025-04-06 21:48:03.023 DEBUG [] --- [http-nio-8080-exec-7] o.s.security.web.FilterChainProxy        : Securing GET /fruits
2025-04-06 21:48:03.024 DEBUG [] --- [http-nio-8080-exec-7] c.f.g.s.jwt.JwtAuthenticationFilter      : 유효한 JWT 토큰이 없습니다
2025-04-06 21:48:03.024 DEBUG [] --- [http-nio-8080-exec-7] o.s.s.w.a.AnonymousAuthenticationFilter  : Set SecurityContextHolder to anonymous SecurityContext
2025-04-06 21:48:03.025 DEBUG [] --- [http-nio-8080-exec-7] o.s.security.web.FilterChainProxy        : Secured GET /fruits
2025-04-06 21:48:03.025 DEBUG [] --- [http-nio-8080-exec-7] o.s.web.servlet.DispatcherServlet        : GET "/api/fruits", parameters={}
2025-04-06 21:48:03.026 DEBUG [] --- [http-nio-8080-exec-7] s.w.s.m.m.a.RequestMappingHandlerMapping : Mapped to com.fruitmall.interfaces.web.fruit.FruitController#getAllFruits()
2025-04-06 21:48:03.031 DEBUG [] --- [http-nio-8080-exec-7] org.hibernate.SQL                        : 
    select
        f1_0.fruit_id,
        f1_0.category_id,
        f1_0.created_at,
        f1_0.description,
        f1_0.fruit_name,
        f1_0.image_url,
        f1_0.origin,
        f1_0.price,
        f1_0.season,
        f1_0.stock_quantity,
        f1_0.updated_at 
    from
        fruit f1_0
2025-04-06 21:48:03.035 DEBUG [] --- [http-nio-8080-exec-7] o.s.w.s.m.m.a.HttpEntityMethodProcessor  : Using 'application/json', given [application/json, text/plain, */*] and supported [application/json, application/*+json]
2025-04-06 21:48:03.036 DEBUG [] --- [http-nio-8080-exec-7] o.s.w.s.m.m.a.HttpEntityMethodProcessor  : Writing [[]]
2025-04-06 21:48:03.036 DEBUG [] --- [http-nio-8080-exec-7] o.s.web.servlet.DispatcherServlet        : Completed 200 OK
2025-04-06 21:48:03.039 DEBUG [] --- [http-nio-8080-exec-8] o.s.security.web.FilterChainProxy        : Securing GET /fruits
2025-04-06 21:48:03.039 DEBUG [] --- [http-nio-8080-exec-8] c.f.g.s.jwt.JwtAuthenticationFilter      : 유효한 JWT 토큰이 없습니다
2025-04-06 21:48:03.040 DEBUG [] --- [http-nio-8080-exec-8] o.s.s.w.a.AnonymousAuthenticationFilter  : Set SecurityContextHolder to anonymous SecurityContext
2025-04-06 21:48:03.041 DEBUG [] --- [http-nio-8080-exec-8] o.s.security.web.FilterChainProxy        : Secured GET /fruits
2025-04-06 21:48:03.041 DEBUG [] --- [http-nio-8080-exec-8] o.s.web.servlet.DispatcherServlet        : GET "/api/fruits", parameters={}
2025-04-06 21:48:03.042 DEBUG [] --- [http-nio-8080-exec-8] s.w.s.m.m.a.RequestMappingHandlerMapping : Mapped to com.fruitmall.interfaces.web.fruit.FruitController#getAllFruits()
2025-04-06 21:48:03.044 DEBUG [] --- [http-nio-8080-exec-8] org.hibernate.SQL                        : 
    select
        f1_0.fruit_id,
        f1_0.category_id,
        f1_0.created_at,
        f1_0.description,
        f1_0.fruit_name,
        f1_0.image_url,
        f1_0.origin,
        f1_0.price,
        f1_0.season,
        f1_0.stock_quantity,
        f1_0.updated_at 
    from
        fruit f1_0
2025-04-06 21:48:03.048 DEBUG [] --- [http-nio-8080-exec-8] o.s.w.s.m.m.a.HttpEntityMethodProcessor  : Using 'application/json', given [application/json, text/plain, */*] and supported [application/json, application/*+json]
2025-04-06 21:48:03.048 DEBUG [] --- [http-nio-8080-exec-8] o.s.w.s.m.m.a.HttpEntityMethodProcessor  : Writing [[]]
2025-04-06 21:48:03.049 DEBUG [] --- [http-nio-8080-exec-8] o.s.web.servlet.DispatcherServlet        : Completed 200 OK
2025-04-06 21:52:40.943 DEBUG [] --- [http-nio-8080-exec-1] o.s.security.web.FilterChainProxy        : Securing GET /fruits
2025-04-06 21:52:40.944 DEBUG [] --- [http-nio-8080-exec-1] c.f.g.s.jwt.JwtAuthenticationFilter      : 유효한 JWT 토큰이 없습니다
2025-04-06 21:52:40.944 DEBUG [] --- [http-nio-8080-exec-1] o.s.s.w.a.AnonymousAuthenticationFilter  : Set SecurityContextHolder to anonymous SecurityContext
2025-04-06 21:52:40.945 DEBUG [] --- [http-nio-8080-exec-1] o.s.security.web.FilterChainProxy        : Secured GET /fruits
2025-04-06 21:52:40.945 DEBUG [] --- [http-nio-8080-exec-1] o.s.web.servlet.DispatcherServlet        : GET "/api/fruits", parameters={}
2025-04-06 21:52:40.946 DEBUG [] --- [http-nio-8080-exec-1] s.w.s.m.m.a.RequestMappingHandlerMapping : Mapped to com.fruitmall.interfaces.web.fruit.FruitController#getAllFruits()
2025-04-06 21:52:40.951 DEBUG [] --- [http-nio-8080-exec-1] org.hibernate.SQL                        : 
    select
        f1_0.fruit_id,
        f1_0.category_id,
        f1_0.created_at,
        f1_0.description,
        f1_0.fruit_name,
        f1_0.image_url,
        f1_0.origin,
        f1_0.price,
        f1_0.season,
        f1_0.stock_quantity,
        f1_0.updated_at 
    from
        fruit f1_0
2025-04-06 21:52:40.955 DEBUG [] --- [http-nio-8080-exec-1] o.s.w.s.m.m.a.HttpEntityMethodProcessor  : Using 'application/json', given [application/json, text/plain, */*] and supported [application/json, application/*+json]
2025-04-06 21:52:40.955 DEBUG [] --- [http-nio-8080-exec-1] o.s.w.s.m.m.a.HttpEntityMethodProcessor  : Writing [[]]
2025-04-06 21:52:40.956 DEBUG [] --- [http-nio-8080-exec-1] o.s.web.servlet.DispatcherServlet        : Completed 200 OK
2025-04-06 21:52:40.959 DEBUG [] --- [http-nio-8080-exec-2] o.s.security.web.FilterChainProxy        : Securing GET /fruits
2025-04-06 21:52:40.959 DEBUG [] --- [http-nio-8080-exec-2] c.f.g.s.jwt.JwtAuthenticationFilter      : 유효한 JWT 토큰이 없습니다
2025-04-06 21:52:40.960 DEBUG [] --- [http-nio-8080-exec-2] o.s.s.w.a.AnonymousAuthenticationFilter  : Set SecurityContextHolder to anonymous SecurityContext
2025-04-06 21:52:40.960 DEBUG [] --- [http-nio-8080-exec-2] o.s.security.web.FilterChainProxy        : Secured GET /fruits
2025-04-06 21:52:40.961 DEBUG [] --- [http-nio-8080-exec-2] o.s.web.servlet.DispatcherServlet        : GET "/api/fruits", parameters={}
2025-04-06 21:52:40.961 DEBUG [] --- [http-nio-8080-exec-2] s.w.s.m.m.a.RequestMappingHandlerMapping : Mapped to com.fruitmall.interfaces.web.fruit.FruitController#getAllFruits()
2025-04-06 21:52:40.964 DEBUG [] --- [http-nio-8080-exec-2] org.hibernate.SQL                        : 
    select
        f1_0.fruit_id,
        f1_0.category_id,
        f1_0.created_at,
        f1_0.description,
        f1_0.fruit_name,
        f1_0.image_url,
        f1_0.origin,
        f1_0.price,
        f1_0.season,
        f1_0.stock_quantity,
        f1_0.updated_at 
    from
        fruit f1_0
2025-04-06 21:52:40.967 DEBUG [] --- [http-nio-8080-exec-2] o.s.w.s.m.m.a.HttpEntityMethodProcessor  : Using 'application/json', given [application/json, text/plain, */*] and supported [application/json, application/*+json]
2025-04-06 21:52:40.967 DEBUG [] --- [http-nio-8080-exec-2] o.s.w.s.m.m.a.HttpEntityMethodProcessor  : Writing [[]]
2025-04-06 21:52:40.968 DEBUG [] --- [http-nio-8080-exec-2] o.s.web.servlet.DispatcherServlet        : Completed 200 OK
2025-04-06 21:52:44.138 DEBUG [] --- [http-nio-8080-exec-3] o.s.security.web.FilterChainProxy        : Securing GET /fruits
2025-04-06 21:52:44.139 DEBUG [] --- [http-nio-8080-exec-3] c.f.g.s.jwt.JwtAuthenticationFilter      : 유효한 JWT 토큰이 없습니다
2025-04-06 21:52:44.139 DEBUG [] --- [http-nio-8080-exec-3] o.s.s.w.a.AnonymousAuthenticationFilter  : Set SecurityContextHolder to anonymous SecurityContext
2025-04-06 21:52:44.140 DEBUG [] --- [http-nio-8080-exec-3] o.s.security.web.FilterChainProxy        : Secured GET /fruits
2025-04-06 21:52:44.140 DEBUG [] --- [http-nio-8080-exec-3] o.s.web.servlet.DispatcherServlet        : GET "/api/fruits", parameters={}
2025-04-06 21:52:44.140 DEBUG [] --- [http-nio-8080-exec-3] s.w.s.m.m.a.RequestMappingHandlerMapping : Mapped to com.fruitmall.interfaces.web.fruit.FruitController#getAllFruits()
2025-04-06 21:52:44.144 DEBUG [] --- [http-nio-8080-exec-3] org.hibernate.SQL                        : 
    select
        f1_0.fruit_id,
        f1_0.category_id,
        f1_0.created_at,
        f1_0.description,
        f1_0.fruit_name,
        f1_0.image_url,
        f1_0.origin,
        f1_0.price,
        f1_0.season,
        f1_0.stock_quantity,
        f1_0.updated_at 
    from
        fruit f1_0
2025-04-06 21:52:44.148 DEBUG [] --- [http-nio-8080-exec-3] o.s.w.s.m.m.a.HttpEntityMethodProcessor  : Using 'application/json', given [application/json, text/plain, */*] and supported [application/json, application/*+json]
2025-04-06 21:52:44.148 DEBUG [] --- [http-nio-8080-exec-3] o.s.w.s.m.m.a.HttpEntityMethodProcessor  : Writing [[]]
2025-04-06 21:52:44.149 DEBUG [] --- [http-nio-8080-exec-3] o.s.web.servlet.DispatcherServlet        : Completed 200 OK
2025-04-06 21:52:44.151 DEBUG [] --- [http-nio-8080-exec-4] o.s.security.web.FilterChainProxy        : Securing GET /fruits
2025-04-06 21:52:44.151 DEBUG [] --- [http-nio-8080-exec-4] c.f.g.s.jwt.JwtAuthenticationFilter      : 유효한 JWT 토큰이 없습니다
2025-04-06 21:52:44.151 DEBUG [] --- [http-nio-8080-exec-4] o.s.s.w.a.AnonymousAuthenticationFilter  : Set SecurityContextHolder to anonymous SecurityContext
2025-04-06 21:52:44.152 DEBUG [] --- [http-nio-8080-exec-4] o.s.security.web.FilterChainProxy        : Secured GET /fruits
2025-04-06 21:52:44.152 DEBUG [] --- [http-nio-8080-exec-4] o.s.web.servlet.DispatcherServlet        : GET "/api/fruits", parameters={}
2025-04-06 21:52:44.152 DEBUG [] --- [http-nio-8080-exec-4] s.w.s.m.m.a.RequestMappingHandlerMapping : Mapped to com.fruitmall.interfaces.web.fruit.FruitController#getAllFruits()
2025-04-06 21:52:44.155 DEBUG [] --- [http-nio-8080-exec-4] org.hibernate.SQL                        : 
    select
        f1_0.fruit_id,
        f1_0.category_id,
        f1_0.created_at,
        f1_0.description,
        f1_0.fruit_name,
        f1_0.image_url,
        f1_0.origin,
        f1_0.price,
        f1_0.season,
        f1_0.stock_quantity,
        f1_0.updated_at 
    from
        fruit f1_0
2025-04-06 21:52:44.158 DEBUG [] --- [http-nio-8080-exec-4] o.s.w.s.m.m.a.HttpEntityMethodProcessor  : Using 'application/json', given [application/json, text/plain, */*] and supported [application/json, application/*+json]
2025-04-06 21:52:44.158 DEBUG [] --- [http-nio-8080-exec-4] o.s.w.s.m.m.a.HttpEntityMethodProcessor  : Writing [[]]
2025-04-06 21:52:44.159 DEBUG [] --- [http-nio-8080-exec-4] o.s.web.servlet.DispatcherServlet        : Completed 200 OK
2025-04-06 21:52:49.840 DEBUG [] --- [http-nio-8080-exec-6] o.s.security.web.FilterChainProxy        : Securing GET /fruits
2025-04-06 21:52:49.841 DEBUG [] --- [http-nio-8080-exec-6] c.f.g.s.jwt.JwtAuthenticationFilter      : 유효한 JWT 토큰이 없습니다
2025-04-06 21:52:49.841 DEBUG [] --- [http-nio-8080-exec-6] o.s.s.w.a.AnonymousAuthenticationFilter  : Set SecurityContextHolder to anonymous SecurityContext
2025-04-06 21:52:49.842 DEBUG [] --- [http-nio-8080-exec-6] o.s.security.web.FilterChainProxy        : Secured GET /fruits
2025-04-06 21:52:49.842 DEBUG [] --- [http-nio-8080-exec-6] o.s.web.servlet.DispatcherServlet        : GET "/api/fruits", parameters={}
2025-04-06 21:52:49.842 DEBUG [] --- [http-nio-8080-exec-6] s.w.s.m.m.a.RequestMappingHandlerMapping : Mapped to com.fruitmall.interfaces.web.fruit.FruitController#getAllFruits()
2025-04-06 21:52:49.845 DEBUG [] --- [http-nio-8080-exec-6] org.hibernate.SQL                        : 
    select
        f1_0.fruit_id,
        f1_0.category_id,
        f1_0.created_at,
        f1_0.description,
        f1_0.fruit_name,
        f1_0.image_url,
        f1_0.origin,
        f1_0.price,
        f1_0.season,
        f1_0.stock_quantity,
        f1_0.updated_at 
    from
        fruit f1_0
2025-04-06 21:52:49.848 DEBUG [] --- [http-nio-8080-exec-6] o.s.w.s.m.m.a.HttpEntityMethodProcessor  : Using 'application/json', given [application/json, text/plain, */*] and supported [application/json, application/*+json]
2025-04-06 21:52:49.849 DEBUG [] --- [http-nio-8080-exec-6] o.s.w.s.m.m.a.HttpEntityMethodProcessor  : Writing [[]]
2025-04-06 21:52:49.849 DEBUG [] --- [http-nio-8080-exec-6] o.s.web.servlet.DispatcherServlet        : Completed 200 OK
2025-04-06 21:52:49.851 DEBUG [] --- [http-nio-8080-exec-5] o.s.security.web.FilterChainProxy        : Securing GET /fruits
2025-04-06 21:52:49.852 DEBUG [] --- [http-nio-8080-exec-5] c.f.g.s.jwt.JwtAuthenticationFilter      : 유효한 JWT 토큰이 없습니다
2025-04-06 21:52:49.852 DEBUG [] --- [http-nio-8080-exec-5] o.s.s.w.a.AnonymousAuthenticationFilter  : Set SecurityContextHolder to anonymous SecurityContext
2025-04-06 21:52:49.853 DEBUG [] --- [http-nio-8080-exec-5] o.s.security.web.FilterChainProxy        : Secured GET /fruits
2025-04-06 21:52:49.853 DEBUG [] --- [http-nio-8080-exec-5] o.s.web.servlet.DispatcherServlet        : GET "/api/fruits", parameters={}
2025-04-06 21:52:49.853 DEBUG [] --- [http-nio-8080-exec-5] s.w.s.m.m.a.RequestMappingHandlerMapping : Mapped to com.fruitmall.interfaces.web.fruit.FruitController#getAllFruits()
2025-04-06 21:52:49.856 DEBUG [] --- [http-nio-8080-exec-5] org.hibernate.SQL                        : 
    select
        f1_0.fruit_id,
        f1_0.category_id,
        f1_0.created_at,
        f1_0.description,
        f1_0.fruit_name,
        f1_0.image_url,
        f1_0.origin,
        f1_0.price,
        f1_0.season,
        f1_0.stock_quantity,
        f1_0.updated_at 
    from
        fruit f1_0
2025-04-06 21:52:49.859 DEBUG [] --- [http-nio-8080-exec-5] o.s.w.s.m.m.a.HttpEntityMethodProcessor  : Using 'application/json', given [application/json, text/plain, */*] and supported [application/json, application/*+json]
2025-04-06 21:52:49.859 DEBUG [] --- [http-nio-8080-exec-5] o.s.w.s.m.m.a.HttpEntityMethodProcessor  : Writing [[]]
2025-04-06 21:52:49.860 DEBUG [] --- [http-nio-8080-exec-5] o.s.web.servlet.DispatcherServlet        : Completed 200 OK
2025-04-06 21:52:54.629 DEBUG [] --- [http-nio-8080-exec-7] o.s.security.web.FilterChainProxy        : Securing GET /fruits
2025-04-06 21:52:54.630 DEBUG [] --- [http-nio-8080-exec-7] c.f.g.s.jwt.JwtAuthenticationFilter      : 유효한 JWT 토큰이 없습니다
2025-04-06 21:52:54.630 DEBUG [] --- [http-nio-8080-exec-7] o.s.s.w.a.AnonymousAuthenticationFilter  : Set SecurityContextHolder to anonymous SecurityContext
2025-04-06 21:52:54.630 DEBUG [] --- [http-nio-8080-exec-7] o.s.security.web.FilterChainProxy        : Secured GET /fruits
2025-04-06 21:52:54.631 DEBUG [] --- [http-nio-8080-exec-7] o.s.web.servlet.DispatcherServlet        : GET "/api/fruits", parameters={}
2025-04-06 21:52:54.631 DEBUG [] --- [http-nio-8080-exec-7] s.w.s.m.m.a.RequestMappingHandlerMapping : Mapped to com.fruitmall.interfaces.web.fruit.FruitController#getAllFruits()
2025-04-06 21:52:54.635 DEBUG [] --- [http-nio-8080-exec-7] org.hibernate.SQL                        : 
    select
        f1_0.fruit_id,
        f1_0.category_id,
        f1_0.created_at,
        f1_0.description,
        f1_0.fruit_name,
        f1_0.image_url,
        f1_0.origin,
        f1_0.price,
        f1_0.season,
        f1_0.stock_quantity,
        f1_0.updated_at 
    from
        fruit f1_0
2025-04-06 21:52:54.638 DEBUG [] --- [http-nio-8080-exec-7] o.s.w.s.m.m.a.HttpEntityMethodProcessor  : Using 'application/json', given [application/json, text/plain, */*] and supported [application/json, application/*+json]
2025-04-06 21:52:54.638 DEBUG [] --- [http-nio-8080-exec-7] o.s.w.s.m.m.a.HttpEntityMethodProcessor  : Writing [[]]
2025-04-06 21:52:54.639 DEBUG [] --- [http-nio-8080-exec-7] o.s.web.servlet.DispatcherServlet        : Completed 200 OK
2025-04-06 21:52:54.641 DEBUG [] --- [http-nio-8080-exec-8] o.s.security.web.FilterChainProxy        : Securing GET /fruits
2025-04-06 21:52:54.642 DEBUG [] --- [http-nio-8080-exec-8] c.f.g.s.jwt.JwtAuthenticationFilter      : 유효한 JWT 토큰이 없습니다
2025-04-06 21:52:54.642 DEBUG [] --- [http-nio-8080-exec-8] o.s.s.w.a.AnonymousAuthenticationFilter  : Set SecurityContextHolder to anonymous SecurityContext
2025-04-06 21:52:54.642 DEBUG [] --- [http-nio-8080-exec-8] o.s.security.web.FilterChainProxy        : Secured GET /fruits
2025-04-06 21:52:54.643 DEBUG [] --- [http-nio-8080-exec-8] o.s.web.servlet.DispatcherServlet        : GET "/api/fruits", parameters={}
2025-04-06 21:52:54.643 DEBUG [] --- [http-nio-8080-exec-8] s.w.s.m.m.a.RequestMappingHandlerMapping : Mapped to com.fruitmall.interfaces.web.fruit.FruitController#getAllFruits()
2025-04-06 21:52:54.646 DEBUG [] --- [http-nio-8080-exec-8] org.hibernate.SQL                        : 
    select
        f1_0.fruit_id,
        f1_0.category_id,
        f1_0.created_at,
        f1_0.description,
        f1_0.fruit_name,
        f1_0.image_url,
        f1_0.origin,
        f1_0.price,
        f1_0.season,
        f1_0.stock_quantity,
        f1_0.updated_at 
    from
        fruit f1_0
2025-04-06 21:52:54.649 DEBUG [] --- [http-nio-8080-exec-8] o.s.w.s.m.m.a.HttpEntityMethodProcessor  : Using 'application/json', given [application/json, text/plain, */*] and supported [application/json, application/*+json]
2025-04-06 21:52:54.649 DEBUG [] --- [http-nio-8080-exec-8] o.s.w.s.m.m.a.HttpEntityMethodProcessor  : Writing [[]]
2025-04-06 21:52:54.649 DEBUG [] --- [http-nio-8080-exec-8] o.s.web.servlet.DispatcherServlet        : Completed 200 OK
2025-04-06 21:52:56.231 DEBUG [] --- [http-nio-8080-exec-9] o.s.security.web.FilterChainProxy        : Securing GET /fruits
2025-04-06 21:52:56.232 DEBUG [] --- [http-nio-8080-exec-9] c.f.g.s.jwt.JwtAuthenticationFilter      : 유효한 JWT 토큰이 없습니다
2025-04-06 21:52:56.232 DEBUG [] --- [http-nio-8080-exec-9] o.s.s.w.a.AnonymousAuthenticationFilter  : Set SecurityContextHolder to anonymous SecurityContext
2025-04-06 21:52:56.233 DEBUG [] --- [http-nio-8080-exec-9] o.s.security.web.FilterChainProxy        : Secured GET /fruits
2025-04-06 21:52:56.233 DEBUG [] --- [http-nio-8080-exec-9] o.s.web.servlet.DispatcherServlet        : GET "/api/fruits", parameters={}
2025-04-06 21:52:56.233 DEBUG [] --- [http-nio-8080-exec-9] s.w.s.m.m.a.RequestMappingHandlerMapping : Mapped to com.fruitmall.interfaces.web.fruit.FruitController#getAllFruits()
2025-04-06 21:52:56.236 DEBUG [] --- [http-nio-8080-exec-9] org.hibernate.SQL                        : 
    select
        f1_0.fruit_id,
        f1_0.category_id,
        f1_0.created_at,
        f1_0.description,
        f1_0.fruit_name,
        f1_0.image_url,
        f1_0.origin,
        f1_0.price,
        f1_0.season,
        f1_0.stock_quantity,
        f1_0.updated_at 
    from
        fruit f1_0
2025-04-06 21:52:56.239 DEBUG [] --- [http-nio-8080-exec-9] o.s.w.s.m.m.a.HttpEntityMethodProcessor  : Using 'application/json', given [application/json, text/plain, */*] and supported [application/json, application/*+json]
2025-04-06 21:52:56.240 DEBUG [] --- [http-nio-8080-exec-9] o.s.w.s.m.m.a.HttpEntityMethodProcessor  : Writing [[]]
2025-04-06 21:52:56.241 DEBUG [] --- [http-nio-8080-exec-9] o.s.web.servlet.DispatcherServlet        : Completed 200 OK
2025-04-06 21:52:56.242 DEBUG [] --- [http-nio-8080-exec-10] o.s.security.web.FilterChainProxy        : Securing GET /fruits
2025-04-06 21:52:56.243 DEBUG [] --- [http-nio-8080-exec-10] c.f.g.s.jwt.JwtAuthenticationFilter      : 유효한 JWT 토큰이 없습니다
2025-04-06 21:52:56.243 DEBUG [] --- [http-nio-8080-exec-10] o.s.s.w.a.AnonymousAuthenticationFilter  : Set SecurityContextHolder to anonymous SecurityContext
2025-04-06 21:52:56.243 DEBUG [] --- [http-nio-8080-exec-10] o.s.security.web.FilterChainProxy        : Secured GET /fruits
2025-04-06 21:52:56.243 DEBUG [] --- [http-nio-8080-exec-10] o.s.web.servlet.DispatcherServlet        : GET "/api/fruits", parameters={}
2025-04-06 21:52:56.244 DEBUG [] --- [http-nio-8080-exec-10] s.w.s.m.m.a.RequestMappingHandlerMapping : Mapped to com.fruitmall.interfaces.web.fruit.FruitController#getAllFruits()
2025-04-06 21:52:56.247 DEBUG [] --- [http-nio-8080-exec-10] org.hibernate.SQL                        : 
    select
        f1_0.fruit_id,
        f1_0.category_id,
        f1_0.created_at,
        f1_0.description,
        f1_0.fruit_name,
        f1_0.image_url,
        f1_0.origin,
        f1_0.price,
        f1_0.season,
        f1_0.stock_quantity,
        f1_0.updated_at 
    from
        fruit f1_0
2025-04-06 21:52:56.249 DEBUG [] --- [http-nio-8080-exec-10] o.s.w.s.m.m.a.HttpEntityMethodProcessor  : Using 'application/json', given [application/json, text/plain, */*] and supported [application/json, application/*+json]
2025-04-06 21:52:56.250 DEBUG [] --- [http-nio-8080-exec-10] o.s.w.s.m.m.a.HttpEntityMethodProcessor  : Writing [[]]
2025-04-06 21:52:56.250 DEBUG [] --- [http-nio-8080-exec-10] o.s.web.servlet.DispatcherServlet        : Completed 200 OK
2025-04-06 21:52:59.467 DEBUG [] --- [http-nio-8080-exec-1] o.s.security.web.FilterChainProxy        : Securing GET /fruits
2025-04-06 21:52:59.468 DEBUG [] --- [http-nio-8080-exec-1] c.f.g.s.jwt.JwtAuthenticationFilter      : 유효한 JWT 토큰이 없습니다
2025-04-06 21:52:59.468 DEBUG [] --- [http-nio-8080-exec-1] o.s.s.w.a.AnonymousAuthenticationFilter  : Set SecurityContextHolder to anonymous SecurityContext
2025-04-06 21:52:59.469 DEBUG [] --- [http-nio-8080-exec-1] o.s.security.web.FilterChainProxy        : Secured GET /fruits
2025-04-06 21:52:59.469 DEBUG [] --- [http-nio-8080-exec-1] o.s.web.servlet.DispatcherServlet        : GET "/api/fruits", parameters={}
2025-04-06 21:52:59.469 DEBUG [] --- [http-nio-8080-exec-1] s.w.s.m.m.a.RequestMappingHandlerMapping : Mapped to com.fruitmall.interfaces.web.fruit.FruitController#getAllFruits()
2025-04-06 21:52:59.472 DEBUG [] --- [http-nio-8080-exec-1] org.hibernate.SQL                        : 
    select
        f1_0.fruit_id,
        f1_0.category_id,
        f1_0.created_at,
        f1_0.description,
        f1_0.fruit_name,
        f1_0.image_url,
        f1_0.origin,
        f1_0.price,
        f1_0.season,
        f1_0.stock_quantity,
        f1_0.updated_at 
    from
        fruit f1_0
2025-04-06 21:52:59.475 DEBUG [] --- [http-nio-8080-exec-1] o.s.w.s.m.m.a.HttpEntityMethodProcessor  : Using 'application/json', given [application/json, text/plain, */*] and supported [application/json, application/*+json]
2025-04-06 21:52:59.476 DEBUG [] --- [http-nio-8080-exec-1] o.s.w.s.m.m.a.HttpEntityMethodProcessor  : Writing [[]]
2025-04-06 21:52:59.476 DEBUG [] --- [http-nio-8080-exec-1] o.s.web.servlet.DispatcherServlet        : Completed 200 OK
2025-04-06 21:52:59.478 DEBUG [] --- [http-nio-8080-exec-2] o.s.security.web.FilterChainProxy        : Securing GET /fruits
2025-04-06 21:52:59.478 DEBUG [] --- [http-nio-8080-exec-2] c.f.g.s.jwt.JwtAuthenticationFilter      : 유효한 JWT 토큰이 없습니다
2025-04-06 21:52:59.479 DEBUG [] --- [http-nio-8080-exec-2] o.s.s.w.a.AnonymousAuthenticationFilter  : Set SecurityContextHolder to anonymous SecurityContext
2025-04-06 21:52:59.479 DEBUG [] --- [http-nio-8080-exec-2] o.s.security.web.FilterChainProxy        : Secured GET /fruits
2025-04-06 21:52:59.479 DEBUG [] --- [http-nio-8080-exec-2] o.s.web.servlet.DispatcherServlet        : GET "/api/fruits", parameters={}
2025-04-06 21:52:59.479 DEBUG [] --- [http-nio-8080-exec-2] s.w.s.m.m.a.RequestMappingHandlerMapping : Mapped to com.fruitmall.interfaces.web.fruit.FruitController#getAllFruits()
2025-04-06 21:52:59.482 DEBUG [] --- [http-nio-8080-exec-2] org.hibernate.SQL                        : 
    select
        f1_0.fruit_id,
        f1_0.category_id,
        f1_0.created_at,
        f1_0.description,
        f1_0.fruit_name,
        f1_0.image_url,
        f1_0.origin,
        f1_0.price,
        f1_0.season,
        f1_0.stock_quantity,
        f1_0.updated_at 
    from
        fruit f1_0
2025-04-06 21:52:59.485 DEBUG [] --- [http-nio-8080-exec-2] o.s.w.s.m.m.a.HttpEntityMethodProcessor  : Using 'application/json', given [application/json, text/plain, */*] and supported [application/json, application/*+json]
2025-04-06 21:52:59.485 DEBUG [] --- [http-nio-8080-exec-2] o.s.w.s.m.m.a.HttpEntityMethodProcessor  : Writing [[]]
2025-04-06 21:52:59.486 DEBUG [] --- [http-nio-8080-exec-2] o.s.web.servlet.DispatcherServlet        : Completed 200 OK
2025-04-06 21:53:01.252 DEBUG [] --- [http-nio-8080-exec-3] o.s.security.web.FilterChainProxy        : Securing GET /fruits
2025-04-06 21:53:01.252 DEBUG [] --- [http-nio-8080-exec-3] c.f.g.s.jwt.JwtAuthenticationFilter      : 유효한 JWT 토큰이 없습니다
2025-04-06 21:53:01.252 DEBUG [] --- [http-nio-8080-exec-3] o.s.s.w.a.AnonymousAuthenticationFilter  : Set SecurityContextHolder to anonymous SecurityContext
2025-04-06 21:53:01.253 DEBUG [] --- [http-nio-8080-exec-3] o.s.security.web.FilterChainProxy        : Secured GET /fruits
2025-04-06 21:53:01.253 DEBUG [] --- [http-nio-8080-exec-3] o.s.web.servlet.DispatcherServlet        : GET "/api/fruits", parameters={}
2025-04-06 21:53:01.254 DEBUG [] --- [http-nio-8080-exec-3] s.w.s.m.m.a.RequestMappingHandlerMapping : Mapped to com.fruitmall.interfaces.web.fruit.FruitController#getAllFruits()
2025-04-06 21:53:01.257 DEBUG [] --- [http-nio-8080-exec-3] org.hibernate.SQL                        : 
    select
        f1_0.fruit_id,
        f1_0.category_id,
        f1_0.created_at,
        f1_0.description,
        f1_0.fruit_name,
        f1_0.image_url,
        f1_0.origin,
        f1_0.price,
        f1_0.season,
        f1_0.stock_quantity,
        f1_0.updated_at 
    from
        fruit f1_0
2025-04-06 21:53:01.260 DEBUG [] --- [http-nio-8080-exec-3] o.s.w.s.m.m.a.HttpEntityMethodProcessor  : Using 'application/json', given [application/json, text/plain, */*] and supported [application/json, application/*+json]
2025-04-06 21:53:01.260 DEBUG [] --- [http-nio-8080-exec-3] o.s.w.s.m.m.a.HttpEntityMethodProcessor  : Writing [[]]
2025-04-06 21:53:01.261 DEBUG [] --- [http-nio-8080-exec-3] o.s.web.servlet.DispatcherServlet        : Completed 200 OK
2025-04-06 21:53:01.263 DEBUG [] --- [http-nio-8080-exec-4] o.s.security.web.FilterChainProxy        : Securing GET /fruits
2025-04-06 21:53:01.263 DEBUG [] --- [http-nio-8080-exec-4] c.f.g.s.jwt.JwtAuthenticationFilter      : 유효한 JWT 토큰이 없습니다
2025-04-06 21:53:01.263 DEBUG [] --- [http-nio-8080-exec-4] o.s.s.w.a.AnonymousAuthenticationFilter  : Set SecurityContextHolder to anonymous SecurityContext
2025-04-06 21:53:01.264 DEBUG [] --- [http-nio-8080-exec-4] o.s.security.web.FilterChainProxy        : Secured GET /fruits
2025-04-06 21:53:01.264 DEBUG [] --- [http-nio-8080-exec-4] o.s.web.servlet.DispatcherServlet        : GET "/api/fruits", parameters={}
2025-04-06 21:53:01.264 DEBUG [] --- [http-nio-8080-exec-4] s.w.s.m.m.a.RequestMappingHandlerMapping : Mapped to com.fruitmall.interfaces.web.fruit.FruitController#getAllFruits()
2025-04-06 21:53:01.267 DEBUG [] --- [http-nio-8080-exec-4] org.hibernate.SQL                        : 
    select
        f1_0.fruit_id,
        f1_0.category_id,
        f1_0.created_at,
        f1_0.description,
        f1_0.fruit_name,
        f1_0.image_url,
        f1_0.origin,
        f1_0.price,
        f1_0.season,
        f1_0.stock_quantity,
        f1_0.updated_at 
    from
        fruit f1_0
2025-04-06 21:53:01.271 DEBUG [] --- [http-nio-8080-exec-4] o.s.w.s.m.m.a.HttpEntityMethodProcessor  : Using 'application/json', given [application/json, text/plain, */*] and supported [application/json, application/*+json]
2025-04-06 21:53:01.271 DEBUG [] --- [http-nio-8080-exec-4] o.s.w.s.m.m.a.HttpEntityMethodProcessor  : Writing [[]]
2025-04-06 21:53:01.272 DEBUG [] --- [http-nio-8080-exec-4] o.s.web.servlet.DispatcherServlet        : Completed 200 OK
2025-04-06 21:53:01.925 DEBUG [] --- [http-nio-8080-exec-6] o.s.security.web.FilterChainProxy        : Securing GET /fruits
2025-04-06 21:53:01.925 DEBUG [] --- [http-nio-8080-exec-6] c.f.g.s.jwt.JwtAuthenticationFilter      : 유효한 JWT 토큰이 없습니다
2025-04-06 21:53:01.926 DEBUG [] --- [http-nio-8080-exec-6] o.s.s.w.a.AnonymousAuthenticationFilter  : Set SecurityContextHolder to anonymous SecurityContext
2025-04-06 21:53:01.926 DEBUG [] --- [http-nio-8080-exec-6] o.s.security.web.FilterChainProxy        : Secured GET /fruits
2025-04-06 21:53:01.926 DEBUG [] --- [http-nio-8080-exec-6] o.s.web.servlet.DispatcherServlet        : GET "/api/fruits", parameters={}
2025-04-06 21:53:01.927 DEBUG [] --- [http-nio-8080-exec-6] s.w.s.m.m.a.RequestMappingHandlerMapping : Mapped to com.fruitmall.interfaces.web.fruit.FruitController#getAllFruits()
2025-04-06 21:53:01.931 DEBUG [] --- [http-nio-8080-exec-6] org.hibernate.SQL                        : 
    select
        f1_0.fruit_id,
        f1_0.category_id,
        f1_0.created_at,
        f1_0.description,
        f1_0.fruit_name,
        f1_0.image_url,
        f1_0.origin,
        f1_0.price,
        f1_0.season,
        f1_0.stock_quantity,
        f1_0.updated_at 
    from
        fruit f1_0
2025-04-06 21:53:01.934 DEBUG [] --- [http-nio-8080-exec-6] o.s.w.s.m.m.a.HttpEntityMethodProcessor  : Using 'application/json', given [application/json, text/plain, */*] and supported [application/json, application/*+json]
2025-04-06 21:53:01.935 DEBUG [] --- [http-nio-8080-exec-6] o.s.w.s.m.m.a.HttpEntityMethodProcessor  : Writing [[]]
2025-04-06 21:53:01.935 DEBUG [] --- [http-nio-8080-exec-6] o.s.web.servlet.DispatcherServlet        : Completed 200 OK
2025-04-06 21:53:01.936 DEBUG [] --- [http-nio-8080-exec-5] o.s.security.web.FilterChainProxy        : Securing GET /fruits
2025-04-06 21:53:01.937 DEBUG [] --- [http-nio-8080-exec-5] c.f.g.s.jwt.JwtAuthenticationFilter      : 유효한 JWT 토큰이 없습니다
2025-04-06 21:53:01.937 DEBUG [] --- [http-nio-8080-exec-5] o.s.s.w.a.AnonymousAuthenticationFilter  : Set SecurityContextHolder to anonymous SecurityContext
2025-04-06 21:53:01.937 DEBUG [] --- [http-nio-8080-exec-5] o.s.security.web.FilterChainProxy        : Secured GET /fruits
2025-04-06 21:53:01.937 DEBUG [] --- [http-nio-8080-exec-5] o.s.web.servlet.DispatcherServlet        : GET "/api/fruits", parameters={}
2025-04-06 21:53:01.938 DEBUG [] --- [http-nio-8080-exec-5] s.w.s.m.m.a.RequestMappingHandlerMapping : Mapped to com.fruitmall.interfaces.web.fruit.FruitController#getAllFruits()
2025-04-06 21:53:01.940 DEBUG [] --- [http-nio-8080-exec-5] org.hibernate.SQL                        : 
    select
        f1_0.fruit_id,
        f1_0.category_id,
        f1_0.created_at,
        f1_0.description,
        f1_0.fruit_name,
        f1_0.image_url,
        f1_0.origin,
        f1_0.price,
        f1_0.season,
        f1_0.stock_quantity,
        f1_0.updated_at 
    from
        fruit f1_0
2025-04-06 21:53:01.944 DEBUG [] --- [http-nio-8080-exec-5] o.s.w.s.m.m.a.HttpEntityMethodProcessor  : Using 'application/json', given [application/json, text/plain, */*] and supported [application/json, application/*+json]
2025-04-06 21:53:01.944 DEBUG [] --- [http-nio-8080-exec-5] o.s.w.s.m.m.a.HttpEntityMethodProcessor  : Writing [[]]
2025-04-06 21:53:01.944 DEBUG [] --- [http-nio-8080-exec-5] o.s.web.servlet.DispatcherServlet        : Completed 200 OK
2025-04-06 21:53:03.198 DEBUG [] --- [http-nio-8080-exec-7] o.s.security.web.FilterChainProxy        : Securing GET /fruits
2025-04-06 21:53:03.199 DEBUG [] --- [http-nio-8080-exec-7] c.f.g.s.jwt.JwtAuthenticationFilter      : 유효한 JWT 토큰이 없습니다
2025-04-06 21:53:03.199 DEBUG [] --- [http-nio-8080-exec-7] o.s.s.w.a.AnonymousAuthenticationFilter  : Set SecurityContextHolder to anonymous SecurityContext
2025-04-06 21:53:03.199 DEBUG [] --- [http-nio-8080-exec-7] o.s.security.web.FilterChainProxy        : Secured GET /fruits
2025-04-06 21:53:03.200 DEBUG [] --- [http-nio-8080-exec-7] o.s.web.servlet.DispatcherServlet        : GET "/api/fruits", parameters={}
2025-04-06 21:53:03.200 DEBUG [] --- [http-nio-8080-exec-7] s.w.s.m.m.a.RequestMappingHandlerMapping : Mapped to com.fruitmall.interfaces.web.fruit.FruitController#getAllFruits()
2025-04-06 21:53:03.204 DEBUG [] --- [http-nio-8080-exec-7] org.hibernate.SQL                        : 
    select
        f1_0.fruit_id,
        f1_0.category_id,
        f1_0.created_at,
        f1_0.description,
        f1_0.fruit_name,
        f1_0.image_url,
        f1_0.origin,
        f1_0.price,
        f1_0.season,
        f1_0.stock_quantity,
        f1_0.updated_at 
    from
        fruit f1_0
2025-04-06 21:53:03.206 DEBUG [] --- [http-nio-8080-exec-7] o.s.w.s.m.m.a.HttpEntityMethodProcessor  : Using 'application/json', given [application/json, text/plain, */*] and supported [application/json, application/*+json]
2025-04-06 21:53:03.207 DEBUG [] --- [http-nio-8080-exec-7] o.s.w.s.m.m.a.HttpEntityMethodProcessor  : Writing [[]]
2025-04-06 21:53:03.207 DEBUG [] --- [http-nio-8080-exec-7] o.s.web.servlet.DispatcherServlet        : Completed 200 OK
2025-04-06 21:53:03.208 DEBUG [] --- [http-nio-8080-exec-8] o.s.security.web.FilterChainProxy        : Securing GET /fruits
2025-04-06 21:53:03.209 DEBUG [] --- [http-nio-8080-exec-8] c.f.g.s.jwt.JwtAuthenticationFilter      : 유효한 JWT 토큰이 없습니다
2025-04-06 21:53:03.209 DEBUG [] --- [http-nio-8080-exec-8] o.s.s.w.a.AnonymousAuthenticationFilter  : Set SecurityContextHolder to anonymous SecurityContext
2025-04-06 21:53:03.209 DEBUG [] --- [http-nio-8080-exec-8] o.s.security.web.FilterChainProxy        : Secured GET /fruits
2025-04-06 21:53:03.209 DEBUG [] --- [http-nio-8080-exec-8] o.s.web.servlet.DispatcherServlet        : GET "/api/fruits", parameters={}
2025-04-06 21:53:03.210 DEBUG [] --- [http-nio-8080-exec-8] s.w.s.m.m.a.RequestMappingHandlerMapping : Mapped to com.fruitmall.interfaces.web.fruit.FruitController#getAllFruits()
2025-04-06 21:53:03.212 DEBUG [] --- [http-nio-8080-exec-8] org.hibernate.SQL                        : 
    select
        f1_0.fruit_id,
        f1_0.category_id,
        f1_0.created_at,
        f1_0.description,
        f1_0.fruit_name,
        f1_0.image_url,
        f1_0.origin,
        f1_0.price,
        f1_0.season,
        f1_0.stock_quantity,
        f1_0.updated_at 
    from
        fruit f1_0
2025-04-06 21:53:03.216 DEBUG [] --- [http-nio-8080-exec-8] o.s.w.s.m.m.a.HttpEntityMethodProcessor  : Using 'application/json', given [application/json, text/plain, */*] and supported [application/json, application/*+json]
2025-04-06 21:53:03.216 DEBUG [] --- [http-nio-8080-exec-8] o.s.w.s.m.m.a.HttpEntityMethodProcessor  : Writing [[]]
2025-04-06 21:53:03.217 DEBUG [] --- [http-nio-8080-exec-8] o.s.web.servlet.DispatcherServlet        : Completed 200 OK
2025-04-06 21:53:06.590 DEBUG [] --- [http-nio-8080-exec-9] o.s.security.web.FilterChainProxy        : Securing GET /fruits
2025-04-06 21:53:06.590 DEBUG [] --- [http-nio-8080-exec-9] c.f.g.s.jwt.JwtAuthenticationFilter      : 유효한 JWT 토큰이 없습니다
2025-04-06 21:53:06.591 DEBUG [] --- [http-nio-8080-exec-9] o.s.s.w.a.AnonymousAuthenticationFilter  : Set SecurityContextHolder to anonymous SecurityContext
2025-04-06 21:53:06.591 DEBUG [] --- [http-nio-8080-exec-9] o.s.security.web.FilterChainProxy        : Secured GET /fruits
2025-04-06 21:53:06.591 DEBUG [] --- [http-nio-8080-exec-9] o.s.web.servlet.DispatcherServlet        : GET "/api/fruits", parameters={}
2025-04-06 21:53:06.591 DEBUG [] --- [http-nio-8080-exec-9] s.w.s.m.m.a.RequestMappingHandlerMapping : Mapped to com.fruitmall.interfaces.web.fruit.FruitController#getAllFruits()
2025-04-06 21:53:06.594 DEBUG [] --- [http-nio-8080-exec-9] org.hibernate.SQL                        : 
    select
        f1_0.fruit_id,
        f1_0.category_id,
        f1_0.created_at,
        f1_0.description,
        f1_0.fruit_name,
        f1_0.image_url,
        f1_0.origin,
        f1_0.price,
        f1_0.season,
        f1_0.stock_quantity,
        f1_0.updated_at 
    from
        fruit f1_0
2025-04-06 21:53:06.598 DEBUG [] --- [http-nio-8080-exec-9] o.s.w.s.m.m.a.HttpEntityMethodProcessor  : Using 'application/json', given [application/json, text/plain, */*] and supported [application/json, application/*+json]
2025-04-06 21:53:06.598 DEBUG [] --- [http-nio-8080-exec-9] o.s.w.s.m.m.a.HttpEntityMethodProcessor  : Writing [[]]
2025-04-06 21:53:06.599 DEBUG [] --- [http-nio-8080-exec-9] o.s.web.servlet.DispatcherServlet        : Completed 200 OK
2025-04-06 21:53:06.600 DEBUG [] --- [http-nio-8080-exec-10] o.s.security.web.FilterChainProxy        : Securing GET /fruits
2025-04-06 21:53:06.600 DEBUG [] --- [http-nio-8080-exec-10] c.f.g.s.jwt.JwtAuthenticationFilter      : 유효한 JWT 토큰이 없습니다
2025-04-06 21:53:06.601 DEBUG [] --- [http-nio-8080-exec-10] o.s.s.w.a.AnonymousAuthenticationFilter  : Set SecurityContextHolder to anonymous SecurityContext
2025-04-06 21:53:06.601 DEBUG [] --- [http-nio-8080-exec-10] o.s.security.web.FilterChainProxy        : Secured GET /fruits
2025-04-06 21:53:06.601 DEBUG [] --- [http-nio-8080-exec-10] o.s.web.servlet.DispatcherServlet        : GET "/api/fruits", parameters={}
2025-04-06 21:53:06.602 DEBUG [] --- [http-nio-8080-exec-10] s.w.s.m.m.a.RequestMappingHandlerMapping : Mapped to com.fruitmall.interfaces.web.fruit.FruitController#getAllFruits()
2025-04-06 21:53:06.604 DEBUG [] --- [http-nio-8080-exec-10] org.hibernate.SQL                        : 
    select
        f1_0.fruit_id,
        f1_0.category_id,
        f1_0.created_at,
        f1_0.description,
        f1_0.fruit_name,
        f1_0.image_url,
        f1_0.origin,
        f1_0.price,
        f1_0.season,
        f1_0.stock_quantity,
        f1_0.updated_at 
    from
        fruit f1_0
2025-04-06 21:53:06.608 DEBUG [] --- [http-nio-8080-exec-10] o.s.w.s.m.m.a.HttpEntityMethodProcessor  : Using 'application/json', given [application/json, text/plain, */*] and supported [application/json, application/*+json]
2025-04-06 21:53:06.608 DEBUG [] --- [http-nio-8080-exec-10] o.s.w.s.m.m.a.HttpEntityMethodProcessor  : Writing [[]]
2025-04-06 21:53:06.609 DEBUG [] --- [http-nio-8080-exec-10] o.s.web.servlet.DispatcherServlet        : Completed 200 OK
2025-04-06 21:53:08.359 DEBUG [] --- [http-nio-8080-exec-1] o.s.security.web.FilterChainProxy        : Securing GET /fruits
2025-04-06 21:53:08.360 DEBUG [] --- [http-nio-8080-exec-1] c.f.g.s.jwt.JwtAuthenticationFilter      : 유효한 JWT 토큰이 없습니다
2025-04-06 21:53:08.360 DEBUG [] --- [http-nio-8080-exec-1] o.s.s.w.a.AnonymousAuthenticationFilter  : Set SecurityContextHolder to anonymous SecurityContext
2025-04-06 21:53:08.360 DEBUG [] --- [http-nio-8080-exec-1] o.s.security.web.FilterChainProxy        : Secured GET /fruits
2025-04-06 21:53:08.361 DEBUG [] --- [http-nio-8080-exec-1] o.s.web.servlet.DispatcherServlet        : GET "/api/fruits", parameters={}
2025-04-06 21:53:08.361 DEBUG [] --- [http-nio-8080-exec-1] s.w.s.m.m.a.RequestMappingHandlerMapping : Mapped to com.fruitmall.interfaces.web.fruit.FruitController#getAllFruits()
2025-04-06 21:53:08.364 DEBUG [] --- [http-nio-8080-exec-1] org.hibernate.SQL                        : 
    select
        f1_0.fruit_id,
        f1_0.category_id,
        f1_0.created_at,
        f1_0.description,
        f1_0.fruit_name,
        f1_0.image_url,
        f1_0.origin,
        f1_0.price,
        f1_0.season,
        f1_0.stock_quantity,
        f1_0.updated_at 
    from
        fruit f1_0
2025-04-06 21:53:08.367 DEBUG [] --- [http-nio-8080-exec-1] o.s.w.s.m.m.a.HttpEntityMethodProcessor  : Using 'application/json', given [application/json, text/plain, */*] and supported [application/json, application/*+json]
2025-04-06 21:53:08.367 DEBUG [] --- [http-nio-8080-exec-1] o.s.w.s.m.m.a.HttpEntityMethodProcessor  : Writing [[]]
2025-04-06 21:53:08.368 DEBUG [] --- [http-nio-8080-exec-1] o.s.web.servlet.DispatcherServlet        : Completed 200 OK
2025-04-06 21:53:08.370 DEBUG [] --- [http-nio-8080-exec-2] o.s.security.web.FilterChainProxy        : Securing GET /fruits
2025-04-06 21:53:08.370 DEBUG [] --- [http-nio-8080-exec-2] c.f.g.s.jwt.JwtAuthenticationFilter      : 유효한 JWT 토큰이 없습니다
2025-04-06 21:53:08.370 DEBUG [] --- [http-nio-8080-exec-2] o.s.s.w.a.AnonymousAuthenticationFilter  : Set SecurityContextHolder to anonymous SecurityContext
2025-04-06 21:53:08.371 DEBUG [] --- [http-nio-8080-exec-2] o.s.security.web.FilterChainProxy        : Secured GET /fruits
2025-04-06 21:53:08.371 DEBUG [] --- [http-nio-8080-exec-2] o.s.web.servlet.DispatcherServlet        : GET "/api/fruits", parameters={}
2025-04-06 21:53:08.371 DEBUG [] --- [http-nio-8080-exec-2] s.w.s.m.m.a.RequestMappingHandlerMapping : Mapped to com.fruitmall.interfaces.web.fruit.FruitController#getAllFruits()
2025-04-06 21:53:08.374 DEBUG [] --- [http-nio-8080-exec-2] org.hibernate.SQL                        : 
    select
        f1_0.fruit_id,
        f1_0.category_id,
        f1_0.created_at,
        f1_0.description,
        f1_0.fruit_name,
        f1_0.image_url,
        f1_0.origin,
        f1_0.price,
        f1_0.season,
        f1_0.stock_quantity,
        f1_0.updated_at 
    from
        fruit f1_0
2025-04-06 21:53:08.377 DEBUG [] --- [http-nio-8080-exec-2] o.s.w.s.m.m.a.HttpEntityMethodProcessor  : Using 'application/json', given [application/json, text/plain, */*] and supported [application/json, application/*+json]
2025-04-06 21:53:08.377 DEBUG [] --- [http-nio-8080-exec-2] o.s.w.s.m.m.a.HttpEntityMethodProcessor  : Writing [[]]
2025-04-06 21:53:08.378 DEBUG [] --- [http-nio-8080-exec-2] o.s.web.servlet.DispatcherServlet        : Completed 200 OK
2025-04-06 22:03:32.135 DEBUG [] --- [http-nio-8080-exec-6] o.s.security.web.FilterChainProxy        : Securing GET /fruits
2025-04-06 22:03:32.136 DEBUG [] --- [http-nio-8080-exec-6] c.f.g.s.jwt.JwtAuthenticationFilter      : 유효한 JWT 토큰이 없습니다
2025-04-06 22:03:32.137 DEBUG [] --- [http-nio-8080-exec-6] o.s.s.w.a.AnonymousAuthenticationFilter  : Set SecurityContextHolder to anonymous SecurityContext
2025-04-06 22:03:32.137 DEBUG [] --- [http-nio-8080-exec-6] o.s.security.web.FilterChainProxy        : Secured GET /fruits
2025-04-06 22:03:32.138 DEBUG [] --- [http-nio-8080-exec-6] o.s.web.servlet.DispatcherServlet        : GET "/api/fruits", parameters={}
2025-04-06 22:03:32.138 DEBUG [] --- [http-nio-8080-exec-6] s.w.s.m.m.a.RequestMappingHandlerMapping : Mapped to com.fruitmall.interfaces.web.fruit.FruitController#getAllFruits()
2025-04-06 22:03:32.146 DEBUG [] --- [http-nio-8080-exec-6] org.hibernate.SQL                        : 
    select
        f1_0.fruit_id,
        f1_0.category_id,
        f1_0.created_at,
        f1_0.description,
        f1_0.fruit_name,
        f1_0.image_url,
        f1_0.origin,
        f1_0.price,
        f1_0.season,
        f1_0.stock_quantity,
        f1_0.updated_at 
    from
        fruit f1_0
2025-04-06 22:03:32.150 DEBUG [] --- [http-nio-8080-exec-6] o.s.w.s.m.m.a.HttpEntityMethodProcessor  : Using 'application/json', given [application/json, text/plain, */*] and supported [application/json, application/*+json]
2025-04-06 22:03:32.150 DEBUG [] --- [http-nio-8080-exec-6] o.s.w.s.m.m.a.HttpEntityMethodProcessor  : Writing [[]]
2025-04-06 22:03:32.152 DEBUG [] --- [http-nio-8080-exec-6] o.s.web.servlet.DispatcherServlet        : Completed 200 OK
2025-04-06 22:03:32.154 DEBUG [] --- [http-nio-8080-exec-5] o.s.security.web.FilterChainProxy        : Securing GET /fruits
2025-04-06 22:03:32.154 DEBUG [] --- [http-nio-8080-exec-5] c.f.g.s.jwt.JwtAuthenticationFilter      : 유효한 JWT 토큰이 없습니다
2025-04-06 22:03:32.155 DEBUG [] --- [http-nio-8080-exec-5] o.s.s.w.a.AnonymousAuthenticationFilter  : Set SecurityContextHolder to anonymous SecurityContext
2025-04-06 22:03:32.156 DEBUG [] --- [http-nio-8080-exec-5] o.s.security.web.FilterChainProxy        : Secured GET /fruits
2025-04-06 22:03:32.156 DEBUG [] --- [http-nio-8080-exec-5] o.s.web.servlet.DispatcherServlet        : GET "/api/fruits", parameters={}
2025-04-06 22:03:32.156 DEBUG [] --- [http-nio-8080-exec-5] s.w.s.m.m.a.RequestMappingHandlerMapping : Mapped to com.fruitmall.interfaces.web.fruit.FruitController#getAllFruits()
2025-04-06 22:03:32.158 DEBUG [] --- [http-nio-8080-exec-5] org.hibernate.SQL                        : 
    select
        f1_0.fruit_id,
        f1_0.category_id,
        f1_0.created_at,
        f1_0.description,
        f1_0.fruit_name,
        f1_0.image_url,
        f1_0.origin,
        f1_0.price,
        f1_0.season,
        f1_0.stock_quantity,
        f1_0.updated_at 
    from
        fruit f1_0
2025-04-06 22:03:32.161 DEBUG [] --- [http-nio-8080-exec-5] o.s.w.s.m.m.a.HttpEntityMethodProcessor  : Using 'application/json', given [application/json, text/plain, */*] and supported [application/json, application/*+json]
2025-04-06 22:03:32.162 DEBUG [] --- [http-nio-8080-exec-5] o.s.w.s.m.m.a.HttpEntityMethodProcessor  : Writing [[]]
2025-04-06 22:03:32.162 DEBUG [] --- [http-nio-8080-exec-5] o.s.web.servlet.DispatcherServlet        : Completed 200 OK
2025-04-06 22:03:34.820 DEBUG [] --- [http-nio-8080-exec-7] o.s.security.web.FilterChainProxy        : Securing GET /fruits
2025-04-06 22:03:34.821 DEBUG [] --- [http-nio-8080-exec-7] c.f.g.s.jwt.JwtAuthenticationFilter      : 유효한 JWT 토큰이 없습니다
2025-04-06 22:03:34.821 DEBUG [] --- [http-nio-8080-exec-7] o.s.s.w.a.AnonymousAuthenticationFilter  : Set SecurityContextHolder to anonymous SecurityContext
2025-04-06 22:03:34.821 DEBUG [] --- [http-nio-8080-exec-7] o.s.security.web.FilterChainProxy        : Secured GET /fruits
2025-04-06 22:03:34.822 DEBUG [] --- [http-nio-8080-exec-7] o.s.web.servlet.DispatcherServlet        : GET "/api/fruits", parameters={}
2025-04-06 22:03:34.822 DEBUG [] --- [http-nio-8080-exec-7] s.w.s.m.m.a.RequestMappingHandlerMapping : Mapped to com.fruitmall.interfaces.web.fruit.FruitController#getAllFruits()
2025-04-06 22:03:34.827 DEBUG [] --- [http-nio-8080-exec-7] org.hibernate.SQL                        : 
    select
        f1_0.fruit_id,
        f1_0.category_id,
        f1_0.created_at,
        f1_0.description,
        f1_0.fruit_name,
        f1_0.image_url,
        f1_0.origin,
        f1_0.price,
        f1_0.season,
        f1_0.stock_quantity,
        f1_0.updated_at 
    from
        fruit f1_0
2025-04-06 22:03:34.830 DEBUG [] --- [http-nio-8080-exec-7] o.s.w.s.m.m.a.HttpEntityMethodProcessor  : Using 'application/json', given [application/json, text/plain, */*] and supported [application/json, application/*+json]
2025-04-06 22:03:34.830 DEBUG [] --- [http-nio-8080-exec-7] o.s.w.s.m.m.a.HttpEntityMethodProcessor  : Writing [[]]
2025-04-06 22:03:34.830 DEBUG [] --- [http-nio-8080-exec-7] o.s.web.servlet.DispatcherServlet        : Completed 200 OK
2025-04-06 22:03:34.832 DEBUG [] --- [http-nio-8080-exec-8] o.s.security.web.FilterChainProxy        : Securing GET /fruits
2025-04-06 22:03:34.832 DEBUG [] --- [http-nio-8080-exec-8] c.f.g.s.jwt.JwtAuthenticationFilter      : 유효한 JWT 토큰이 없습니다
2025-04-06 22:03:34.832 DEBUG [] --- [http-nio-8080-exec-8] o.s.s.w.a.AnonymousAuthenticationFilter  : Set SecurityContextHolder to anonymous SecurityContext
2025-04-06 22:03:34.833 DEBUG [] --- [http-nio-8080-exec-8] o.s.security.web.FilterChainProxy        : Secured GET /fruits
2025-04-06 22:03:34.833 DEBUG [] --- [http-nio-8080-exec-8] o.s.web.servlet.DispatcherServlet        : GET "/api/fruits", parameters={}
2025-04-06 22:03:34.833 DEBUG [] --- [http-nio-8080-exec-8] s.w.s.m.m.a.RequestMappingHandlerMapping : Mapped to com.fruitmall.interfaces.web.fruit.FruitController#getAllFruits()
2025-04-06 22:03:34.836 DEBUG [] --- [http-nio-8080-exec-8] org.hibernate.SQL                        : 
    select
        f1_0.fruit_id,
        f1_0.category_id,
        f1_0.created_at,
        f1_0.description,
        f1_0.fruit_name,
        f1_0.image_url,
        f1_0.origin,
        f1_0.price,
        f1_0.season,
        f1_0.stock_quantity,
        f1_0.updated_at 
    from
        fruit f1_0
2025-04-06 22:03:34.838 DEBUG [] --- [http-nio-8080-exec-8] o.s.w.s.m.m.a.HttpEntityMethodProcessor  : Using 'application/json', given [application/json, text/plain, */*] and supported [application/json, application/*+json]
2025-04-06 22:03:34.839 DEBUG [] --- [http-nio-8080-exec-8] o.s.w.s.m.m.a.HttpEntityMethodProcessor  : Writing [[]]
2025-04-06 22:03:34.840 DEBUG [] --- [http-nio-8080-exec-8] o.s.web.servlet.DispatcherServlet        : Completed 200 OK
2025-04-06 22:05:09.314 DEBUG [] --- [http-nio-8080-exec-1] o.s.security.web.FilterChainProxy        : Securing GET /fruits
2025-04-06 22:05:09.315 DEBUG [] --- [http-nio-8080-exec-1] c.f.g.s.jwt.JwtAuthenticationFilter      : 유효한 JWT 토큰이 없습니다
2025-04-06 22:05:09.315 DEBUG [] --- [http-nio-8080-exec-1] o.s.s.w.a.AnonymousAuthenticationFilter  : Set SecurityContextHolder to anonymous SecurityContext
2025-04-06 22:05:09.315 DEBUG [] --- [http-nio-8080-exec-1] o.s.security.web.FilterChainProxy        : Secured GET /fruits
2025-04-06 22:05:09.315 DEBUG [] --- [http-nio-8080-exec-1] o.s.web.servlet.DispatcherServlet        : GET "/api/fruits", parameters={}
2025-04-06 22:05:09.316 DEBUG [] --- [http-nio-8080-exec-1] s.w.s.m.m.a.RequestMappingHandlerMapping : Mapped to com.fruitmall.interfaces.web.fruit.FruitController#getAllFruits()
2025-04-06 22:05:09.320 DEBUG [] --- [http-nio-8080-exec-1] org.hibernate.SQL                        : 
    select
        f1_0.fruit_id,
        f1_0.category_id,
        f1_0.created_at,
        f1_0.description,
        f1_0.fruit_name,
        f1_0.image_url,
        f1_0.origin,
        f1_0.price,
        f1_0.season,
        f1_0.stock_quantity,
        f1_0.updated_at 
    from
        fruit f1_0
2025-04-06 22:05:09.325 DEBUG [] --- [http-nio-8080-exec-1] o.s.w.s.m.m.a.HttpEntityMethodProcessor  : Using 'application/json', given [application/json, text/plain, */*] and supported [application/json, application/*+json]
2025-04-06 22:05:09.325 DEBUG [] --- [http-nio-8080-exec-1] o.s.w.s.m.m.a.HttpEntityMethodProcessor  : Writing [[]]
2025-04-06 22:05:09.326 DEBUG [] --- [http-nio-8080-exec-1] o.s.web.servlet.DispatcherServlet        : Completed 200 OK
2025-04-06 22:05:09.328 DEBUG [] --- [http-nio-8080-exec-2] o.s.security.web.FilterChainProxy        : Securing GET /fruits
2025-04-06 22:05:09.328 DEBUG [] --- [http-nio-8080-exec-2] c.f.g.s.jwt.JwtAuthenticationFilter      : 유효한 JWT 토큰이 없습니다
2025-04-06 22:05:09.328 DEBUG [] --- [http-nio-8080-exec-2] o.s.s.w.a.AnonymousAuthenticationFilter  : Set SecurityContextHolder to anonymous SecurityContext
2025-04-06 22:05:09.329 DEBUG [] --- [http-nio-8080-exec-2] o.s.security.web.FilterChainProxy        : Secured GET /fruits
2025-04-06 22:05:09.329 DEBUG [] --- [http-nio-8080-exec-2] o.s.web.servlet.DispatcherServlet        : GET "/api/fruits", parameters={}
2025-04-06 22:05:09.329 DEBUG [] --- [http-nio-8080-exec-2] s.w.s.m.m.a.RequestMappingHandlerMapping : Mapped to com.fruitmall.interfaces.web.fruit.FruitController#getAllFruits()
2025-04-06 22:05:09.331 DEBUG [] --- [http-nio-8080-exec-2] org.hibernate.SQL                        : 
    select
        f1_0.fruit_id,
        f1_0.category_id,
        f1_0.created_at,
        f1_0.description,
        f1_0.fruit_name,
        f1_0.image_url,
        f1_0.origin,
        f1_0.price,
        f1_0.season,
        f1_0.stock_quantity,
        f1_0.updated_at 
    from
        fruit f1_0
2025-04-06 22:05:09.335 DEBUG [] --- [http-nio-8080-exec-2] o.s.w.s.m.m.a.HttpEntityMethodProcessor  : Using 'application/json', given [application/json, text/plain, */*] and supported [application/json, application/*+json]
2025-04-06 22:05:09.336 DEBUG [] --- [http-nio-8080-exec-2] o.s.w.s.m.m.a.HttpEntityMethodProcessor  : Writing [[]]
2025-04-06 22:05:09.336 DEBUG [] --- [http-nio-8080-exec-2] o.s.web.servlet.DispatcherServlet        : Completed 200 OK
2025-04-06 22:05:11.845 DEBUG [] --- [http-nio-8080-exec-3] o.s.security.web.FilterChainProxy        : Securing GET /fruits
2025-04-06 22:05:11.846 DEBUG [] --- [http-nio-8080-exec-3] c.f.g.s.jwt.JwtAuthenticationFilter      : 유효한 JWT 토큰이 없습니다
2025-04-06 22:05:11.847 DEBUG [] --- [http-nio-8080-exec-3] o.s.s.w.a.AnonymousAuthenticationFilter  : Set SecurityContextHolder to anonymous SecurityContext
2025-04-06 22:05:11.847 DEBUG [] --- [http-nio-8080-exec-3] o.s.security.web.FilterChainProxy        : Secured GET /fruits
2025-04-06 22:05:11.848 DEBUG [] --- [http-nio-8080-exec-3] o.s.web.servlet.DispatcherServlet        : GET "/api/fruits", parameters={}
2025-04-06 22:05:11.849 DEBUG [] --- [http-nio-8080-exec-3] s.w.s.m.m.a.RequestMappingHandlerMapping : Mapped to com.fruitmall.interfaces.web.fruit.FruitController#getAllFruits()
2025-04-06 22:05:11.853 DEBUG [] --- [http-nio-8080-exec-3] org.hibernate.SQL                        : 
    select
        f1_0.fruit_id,
        f1_0.category_id,
        f1_0.created_at,
        f1_0.description,
        f1_0.fruit_name,
        f1_0.image_url,
        f1_0.origin,
        f1_0.price,
        f1_0.season,
        f1_0.stock_quantity,
        f1_0.updated_at 
    from
        fruit f1_0
2025-04-06 22:05:11.857 DEBUG [] --- [http-nio-8080-exec-3] o.s.w.s.m.m.a.HttpEntityMethodProcessor  : Using 'application/json', given [application/json, text/plain, */*] and supported [application/json, application/*+json]
2025-04-06 22:05:11.857 DEBUG [] --- [http-nio-8080-exec-3] o.s.w.s.m.m.a.HttpEntityMethodProcessor  : Writing [[]]
2025-04-06 22:05:11.859 DEBUG [] --- [http-nio-8080-exec-3] o.s.web.servlet.DispatcherServlet        : Completed 200 OK
2025-04-06 22:05:11.860 DEBUG [] --- [http-nio-8080-exec-4] o.s.security.web.FilterChainProxy        : Securing GET /fruits
2025-04-06 22:05:11.861 DEBUG [] --- [http-nio-8080-exec-4] c.f.g.s.jwt.JwtAuthenticationFilter      : 유효한 JWT 토큰이 없습니다
2025-04-06 22:05:11.861 DEBUG [] --- [http-nio-8080-exec-4] o.s.s.w.a.AnonymousAuthenticationFilter  : Set SecurityContextHolder to anonymous SecurityContext
2025-04-06 22:05:11.861 DEBUG [] --- [http-nio-8080-exec-4] o.s.security.web.FilterChainProxy        : Secured GET /fruits
2025-04-06 22:05:11.861 DEBUG [] --- [http-nio-8080-exec-4] o.s.web.servlet.DispatcherServlet        : GET "/api/fruits", parameters={}
2025-04-06 22:05:11.862 DEBUG [] --- [http-nio-8080-exec-4] s.w.s.m.m.a.RequestMappingHandlerMapping : Mapped to com.fruitmall.interfaces.web.fruit.FruitController#getAllFruits()
2025-04-06 22:05:11.864 DEBUG [] --- [http-nio-8080-exec-4] org.hibernate.SQL                        : 
    select
        f1_0.fruit_id,
        f1_0.category_id,
        f1_0.created_at,
        f1_0.description,
        f1_0.fruit_name,
        f1_0.image_url,
        f1_0.origin,
        f1_0.price,
        f1_0.season,
        f1_0.stock_quantity,
        f1_0.updated_at 
    from
        fruit f1_0
2025-04-06 22:05:11.867 DEBUG [] --- [http-nio-8080-exec-4] o.s.w.s.m.m.a.HttpEntityMethodProcessor  : Using 'application/json', given [application/json, text/plain, */*] and supported [application/json, application/*+json]
2025-04-06 22:05:11.867 DEBUG [] --- [http-nio-8080-exec-4] o.s.w.s.m.m.a.HttpEntityMethodProcessor  : Writing [[]]
2025-04-06 22:05:11.868 DEBUG [] --- [http-nio-8080-exec-4] o.s.web.servlet.DispatcherServlet        : Completed 200 OK
2025-04-06 22:05:12.657 DEBUG [] --- [http-nio-8080-exec-6] o.s.security.web.FilterChainProxy        : Securing GET /fruits
2025-04-06 22:05:12.657 DEBUG [] --- [http-nio-8080-exec-6] c.f.g.s.jwt.JwtAuthenticationFilter      : 유효한 JWT 토큰이 없습니다
2025-04-06 22:05:12.657 DEBUG [] --- [http-nio-8080-exec-6] o.s.s.w.a.AnonymousAuthenticationFilter  : Set SecurityContextHolder to anonymous SecurityContext
2025-04-06 22:05:12.658 DEBUG [] --- [http-nio-8080-exec-6] o.s.security.web.FilterChainProxy        : Secured GET /fruits
2025-04-06 22:05:12.658 DEBUG [] --- [http-nio-8080-exec-6] o.s.web.servlet.DispatcherServlet        : GET "/api/fruits", parameters={}
2025-04-06 22:05:12.659 DEBUG [] --- [http-nio-8080-exec-6] s.w.s.m.m.a.RequestMappingHandlerMapping : Mapped to com.fruitmall.interfaces.web.fruit.FruitController#getAllFruits()
2025-04-06 22:05:12.663 DEBUG [] --- [http-nio-8080-exec-6] org.hibernate.SQL                        : 
    select
        f1_0.fruit_id,
        f1_0.category_id,
        f1_0.created_at,
        f1_0.description,
        f1_0.fruit_name,
        f1_0.image_url,
        f1_0.origin,
        f1_0.price,
        f1_0.season,
        f1_0.stock_quantity,
        f1_0.updated_at 
    from
        fruit f1_0
2025-04-06 22:05:12.669 DEBUG [] --- [http-nio-8080-exec-6] o.s.w.s.m.m.a.HttpEntityMethodProcessor  : Using 'application/json', given [application/json, text/plain, */*] and supported [application/json, application/*+json]
2025-04-06 22:05:12.670 DEBUG [] --- [http-nio-8080-exec-6] o.s.w.s.m.m.a.HttpEntityMethodProcessor  : Writing [[]]
2025-04-06 22:05:12.671 DEBUG [] --- [http-nio-8080-exec-6] o.s.web.servlet.DispatcherServlet        : Completed 200 OK
2025-04-06 22:05:12.672 DEBUG [] --- [http-nio-8080-exec-5] o.s.security.web.FilterChainProxy        : Securing GET /fruits
2025-04-06 22:05:12.672 DEBUG [] --- [http-nio-8080-exec-5] c.f.g.s.jwt.JwtAuthenticationFilter      : 유효한 JWT 토큰이 없습니다
2025-04-06 22:05:12.672 DEBUG [] --- [http-nio-8080-exec-5] o.s.s.w.a.AnonymousAuthenticationFilter  : Set SecurityContextHolder to anonymous SecurityContext
2025-04-06 22:05:12.673 DEBUG [] --- [http-nio-8080-exec-5] o.s.security.web.FilterChainProxy        : Secured GET /fruits
2025-04-06 22:05:12.673 DEBUG [] --- [http-nio-8080-exec-5] o.s.web.servlet.DispatcherServlet        : GET "/api/fruits", parameters={}
2025-04-06 22:05:12.673 DEBUG [] --- [http-nio-8080-exec-5] s.w.s.m.m.a.RequestMappingHandlerMapping : Mapped to com.fruitmall.interfaces.web.fruit.FruitController#getAllFruits()
2025-04-06 22:05:12.676 DEBUG [] --- [http-nio-8080-exec-5] org.hibernate.SQL                        : 
    select
        f1_0.fruit_id,
        f1_0.category_id,
        f1_0.created_at,
        f1_0.description,
        f1_0.fruit_name,
        f1_0.image_url,
        f1_0.origin,
        f1_0.price,
        f1_0.season,
        f1_0.stock_quantity,
        f1_0.updated_at 
    from
        fruit f1_0
2025-04-06 22:05:12.680 DEBUG [] --- [http-nio-8080-exec-5] o.s.w.s.m.m.a.HttpEntityMethodProcessor  : Using 'application/json', given [application/json, text/plain, */*] and supported [application/json, application/*+json]
2025-04-06 22:05:12.680 DEBUG [] --- [http-nio-8080-exec-5] o.s.w.s.m.m.a.HttpEntityMethodProcessor  : Writing [[]]
2025-04-06 22:05:12.681 DEBUG [] --- [http-nio-8080-exec-5] o.s.web.servlet.DispatcherServlet        : Completed 200 OK
2025-04-06 22:05:45.629 DEBUG [] --- [http-nio-8080-exec-7] o.s.security.web.FilterChainProxy        : Securing OPTIONS /auth/login
2025-04-06 22:05:45.630 DEBUG [] --- [http-nio-8080-exec-7] c.f.g.s.jwt.JwtAuthenticationFilter      : 유효한 JWT 토큰이 없습니다
2025-04-06 22:05:45.630 DEBUG [] --- [http-nio-8080-exec-7] o.s.s.w.a.AnonymousAuthenticationFilter  : Set SecurityContextHolder to anonymous SecurityContext
2025-04-06 22:05:45.630 DEBUG [] --- [http-nio-8080-exec-7] o.s.security.web.FilterChainProxy        : Secured OPTIONS /auth/login
2025-04-06 22:05:45.630 DEBUG [] --- [http-nio-8080-exec-7] o.s.web.servlet.DispatcherServlet        : OPTIONS "/api/auth/login", parameters={}
2025-04-06 22:05:45.631 DEBUG [] --- [http-nio-8080-exec-7] s.w.s.m.m.a.RequestMappingHandlerMapping : Mapped to com.fruitmall.interfaces.web.auth.AuthController#login(LoginRequestDto)
2025-04-06 22:05:45.636 DEBUG [] --- [http-nio-8080-exec-7] o.s.web.servlet.DispatcherServlet        : Completed 403 FORBIDDEN
2025-04-06 22:05:50.363 DEBUG [] --- [http-nio-8080-exec-8] o.s.security.web.FilterChainProxy        : Securing OPTIONS /auth/login
2025-04-06 22:05:50.364 DEBUG [] --- [http-nio-8080-exec-8] c.f.g.s.jwt.JwtAuthenticationFilter      : 유효한 JWT 토큰이 없습니다
2025-04-06 22:05:50.364 DEBUG [] --- [http-nio-8080-exec-8] o.s.s.w.a.AnonymousAuthenticationFilter  : Set SecurityContextHolder to anonymous SecurityContext
2025-04-06 22:05:50.365 DEBUG [] --- [http-nio-8080-exec-8] o.s.security.web.FilterChainProxy        : Secured OPTIONS /auth/login
2025-04-06 22:05:50.365 DEBUG [] --- [http-nio-8080-exec-8] o.s.web.servlet.DispatcherServlet        : OPTIONS "/api/auth/login", parameters={}
2025-04-06 22:05:50.365 DEBUG [] --- [http-nio-8080-exec-8] s.w.s.m.m.a.RequestMappingHandlerMapping : Mapped to com.fruitmall.interfaces.web.auth.AuthController#login(LoginRequestDto)
2025-04-06 22:05:50.366 DEBUG [] --- [http-nio-8080-exec-8] o.s.web.servlet.DispatcherServlet        : Completed 403 FORBIDDEN
2025-04-06 22:06:10.034 DEBUG [] --- [http-nio-8080-exec-9] o.s.security.web.FilterChainProxy        : Securing GET /fruits
2025-04-06 22:06:10.035 DEBUG [] --- [http-nio-8080-exec-9] c.f.g.s.jwt.JwtAuthenticationFilter      : 유효한 JWT 토큰이 없습니다
2025-04-06 22:06:10.035 DEBUG [] --- [http-nio-8080-exec-9] o.s.s.w.a.AnonymousAuthenticationFilter  : Set SecurityContextHolder to anonymous SecurityContext
2025-04-06 22:06:10.036 DEBUG [] --- [http-nio-8080-exec-9] o.s.security.web.FilterChainProxy        : Secured GET /fruits
2025-04-06 22:06:10.036 DEBUG [] --- [http-nio-8080-exec-9] o.s.web.servlet.DispatcherServlet        : GET "/api/fruits", parameters={}
2025-04-06 22:06:10.036 DEBUG [] --- [http-nio-8080-exec-9] s.w.s.m.m.a.RequestMappingHandlerMapping : Mapped to com.fruitmall.interfaces.web.fruit.FruitController#getAllFruits()
2025-04-06 22:06:10.040 DEBUG [] --- [http-nio-8080-exec-9] org.hibernate.SQL                        : 
    select
        f1_0.fruit_id,
        f1_0.category_id,
        f1_0.created_at,
        f1_0.description,
        f1_0.fruit_name,
        f1_0.image_url,
        f1_0.origin,
        f1_0.price,
        f1_0.season,
        f1_0.stock_quantity,
        f1_0.updated_at 
    from
        fruit f1_0
2025-04-06 22:06:10.044 DEBUG [] --- [http-nio-8080-exec-9] o.s.w.s.m.m.a.HttpEntityMethodProcessor  : Using 'application/json', given [application/json, text/plain, */*] and supported [application/json, application/*+json]
2025-04-06 22:06:10.045 DEBUG [] --- [http-nio-8080-exec-9] o.s.w.s.m.m.a.HttpEntityMethodProcessor  : Writing [[]]
2025-04-06 22:06:10.045 DEBUG [] --- [http-nio-8080-exec-9] o.s.web.servlet.DispatcherServlet        : Completed 200 OK
2025-04-06 22:06:10.047 DEBUG [] --- [http-nio-8080-exec-10] o.s.security.web.FilterChainProxy        : Securing GET /fruits
2025-04-06 22:06:10.047 DEBUG [] --- [http-nio-8080-exec-10] c.f.g.s.jwt.JwtAuthenticationFilter      : 유효한 JWT 토큰이 없습니다
2025-04-06 22:06:10.047 DEBUG [] --- [http-nio-8080-exec-10] o.s.s.w.a.AnonymousAuthenticationFilter  : Set SecurityContextHolder to anonymous SecurityContext
2025-04-06 22:06:10.047 DEBUG [] --- [http-nio-8080-exec-10] o.s.security.web.FilterChainProxy        : Secured GET /fruits
2025-04-06 22:06:10.047 DEBUG [] --- [http-nio-8080-exec-10] o.s.web.servlet.DispatcherServlet        : GET "/api/fruits", parameters={}
2025-04-06 22:06:10.048 DEBUG [] --- [http-nio-8080-exec-10] s.w.s.m.m.a.RequestMappingHandlerMapping : Mapped to com.fruitmall.interfaces.web.fruit.FruitController#getAllFruits()
2025-04-06 22:06:10.050 DEBUG [] --- [http-nio-8080-exec-10] org.hibernate.SQL                        : 
    select
        f1_0.fruit_id,
        f1_0.category_id,
        f1_0.created_at,
        f1_0.description,
        f1_0.fruit_name,
        f1_0.image_url,
        f1_0.origin,
        f1_0.price,
        f1_0.season,
        f1_0.stock_quantity,
        f1_0.updated_at 
    from
        fruit f1_0
2025-04-06 22:06:10.054 DEBUG [] --- [http-nio-8080-exec-10] o.s.w.s.m.m.a.HttpEntityMethodProcessor  : Using 'application/json', given [application/json, text/plain, */*] and supported [application/json, application/*+json]
2025-04-06 22:06:10.055 DEBUG [] --- [http-nio-8080-exec-10] o.s.w.s.m.m.a.HttpEntityMethodProcessor  : Writing [[]]
2025-04-06 22:06:10.055 DEBUG [] --- [http-nio-8080-exec-10] o.s.web.servlet.DispatcherServlet        : Completed 200 OK
2025-04-06 22:06:23.408 DEBUG [] --- [http-nio-8080-exec-1] o.s.security.web.FilterChainProxy        : Securing GET /fruits
2025-04-06 22:06:23.409 DEBUG [] --- [http-nio-8080-exec-1] c.f.g.s.jwt.JwtAuthenticationFilter      : 유효한 JWT 토큰이 없습니다
2025-04-06 22:06:23.409 DEBUG [] --- [http-nio-8080-exec-1] o.s.s.w.a.AnonymousAuthenticationFilter  : Set SecurityContextHolder to anonymous SecurityContext
2025-04-06 22:06:23.409 DEBUG [] --- [http-nio-8080-exec-1] o.s.security.web.FilterChainProxy        : Secured GET /fruits
2025-04-06 22:06:23.409 DEBUG [] --- [http-nio-8080-exec-1] o.s.web.servlet.DispatcherServlet        : GET "/api/fruits", parameters={}
2025-04-06 22:06:23.410 DEBUG [] --- [http-nio-8080-exec-1] s.w.s.m.m.a.RequestMappingHandlerMapping : Mapped to com.fruitmall.interfaces.web.fruit.FruitController#getAllFruits()
2025-04-06 22:06:23.413 DEBUG [] --- [http-nio-8080-exec-1] org.hibernate.SQL                        : 
    select
        f1_0.fruit_id,
        f1_0.category_id,
        f1_0.created_at,
        f1_0.description,
        f1_0.fruit_name,
        f1_0.image_url,
        f1_0.origin,
        f1_0.price,
        f1_0.season,
        f1_0.stock_quantity,
        f1_0.updated_at 
    from
        fruit f1_0
2025-04-06 22:06:23.418 DEBUG [] --- [http-nio-8080-exec-1] o.s.w.s.m.m.a.HttpEntityMethodProcessor  : Using 'application/json', given [application/json, text/plain, */*] and supported [application/json, application/*+json]
2025-04-06 22:06:23.418 DEBUG [] --- [http-nio-8080-exec-1] o.s.w.s.m.m.a.HttpEntityMethodProcessor  : Writing [[]]
2025-04-06 22:06:23.419 DEBUG [] --- [http-nio-8080-exec-1] o.s.web.servlet.DispatcherServlet        : Completed 200 OK
2025-04-06 22:06:23.420 DEBUG [] --- [http-nio-8080-exec-2] o.s.security.web.FilterChainProxy        : Securing GET /fruits
2025-04-06 22:06:23.421 DEBUG [] --- [http-nio-8080-exec-2] c.f.g.s.jwt.JwtAuthenticationFilter      : 유효한 JWT 토큰이 없습니다
2025-04-06 22:06:23.421 DEBUG [] --- [http-nio-8080-exec-2] o.s.s.w.a.AnonymousAuthenticationFilter  : Set SecurityContextHolder to anonymous SecurityContext
2025-04-06 22:06:23.421 DEBUG [] --- [http-nio-8080-exec-2] o.s.security.web.FilterChainProxy        : Secured GET /fruits
2025-04-06 22:06:23.422 DEBUG [] --- [http-nio-8080-exec-2] o.s.web.servlet.DispatcherServlet        : GET "/api/fruits", parameters={}
2025-04-06 22:06:23.422 DEBUG [] --- [http-nio-8080-exec-2] s.w.s.m.m.a.RequestMappingHandlerMapping : Mapped to com.fruitmall.interfaces.web.fruit.FruitController#getAllFruits()
2025-04-06 22:06:23.425 DEBUG [] --- [http-nio-8080-exec-2] org.hibernate.SQL                        : 
    select
        f1_0.fruit_id,
        f1_0.category_id,
        f1_0.created_at,
        f1_0.description,
        f1_0.fruit_name,
        f1_0.image_url,
        f1_0.origin,
        f1_0.price,
        f1_0.season,
        f1_0.stock_quantity,
        f1_0.updated_at 
    from
        fruit f1_0
2025-04-06 22:06:23.428 DEBUG [] --- [http-nio-8080-exec-2] o.s.w.s.m.m.a.HttpEntityMethodProcessor  : Using 'application/json', given [application/json, text/plain, */*] and supported [application/json, application/*+json]
2025-04-06 22:06:23.428 DEBUG [] --- [http-nio-8080-exec-2] o.s.w.s.m.m.a.HttpEntityMethodProcessor  : Writing [[]]
2025-04-06 22:06:23.429 DEBUG [] --- [http-nio-8080-exec-2] o.s.web.servlet.DispatcherServlet        : Completed 200 OK
2025-04-06 22:07:32.529 DEBUG [] --- [http-nio-8080-exec-6] o.s.security.web.FilterChainProxy        : Securing GET /fruits
2025-04-06 22:07:32.530 DEBUG [] --- [http-nio-8080-exec-6] c.f.g.s.jwt.JwtAuthenticationFilter      : 유효한 JWT 토큰이 없습니다
2025-04-06 22:07:32.530 DEBUG [] --- [http-nio-8080-exec-6] o.s.s.w.a.AnonymousAuthenticationFilter  : Set SecurityContextHolder to anonymous SecurityContext
2025-04-06 22:07:32.530 DEBUG [] --- [http-nio-8080-exec-6] o.s.security.web.FilterChainProxy        : Secured GET /fruits
2025-04-06 22:07:32.531 DEBUG [] --- [http-nio-8080-exec-6] o.s.web.servlet.DispatcherServlet        : GET "/api/fruits", parameters={}
2025-04-06 22:07:32.531 DEBUG [] --- [http-nio-8080-exec-6] s.w.s.m.m.a.RequestMappingHandlerMapping : Mapped to com.fruitmall.interfaces.web.fruit.FruitController#getAllFruits()
